<?xml version="1.0" encoding="UTF-8"?>
<!-- Generated by org.testng.reporters.JUnitXMLReporter -->
<testsuite hostname="Srijan-ka-MBP-2" ignored="0" name="Test" tests="44" failures="6" timestamp="20 May 2020 13:39:16 GMT" time="36.335" errors="0">
  <testcase name="@AfterClass tearDown" time="0.0" classname="com.covid19.qa.HomePageTestcases.AdvanceSearchFunction">
    <failure type="org.openqa.selenium.NoSuchSessionException" message="Session ID is null. Using WebDriver after calling quit()?
Build info: version: &amp;apos;3.141.59&amp;apos;, revision: &amp;apos;e82be7d358&amp;apos;, time: &amp;apos;2018-11-14T08:17:03&amp;apos;
System info: host: &amp;apos;Srijan-ka-MBP-2&amp;apos;, ip: &amp;apos;2401:4900:44e2:bcc0:581:7cd6:d043:9e4d%en0&amp;apos;, os.name: &amp;apos;Mac OS X&amp;apos;, os.arch: &amp;apos;x86_64&amp;apos;, os.version: &amp;apos;10.15.2&amp;apos;, java.version: &amp;apos;1.8.0_202&amp;apos;
Driver info: driver.version: RemoteWebDriver">
      <![CDATA[org.openqa.selenium.NoSuchSessionException: Session ID is null. Using WebDriver after calling quit()?
Build info: version: '3.141.59', revision: 'e82be7d358', time: '2018-11-14T08:17:03'
System info: host: 'Srijan-ka-MBP-2', ip: '2401:4900:44e2:bcc0:581:7cd6:d043:9e4d%en0', os.name: 'Mac OS X', os.arch: 'x86_64', os.version: '10.15.2', java.version: '1.8.0_202'
Driver info: driver.version: RemoteWebDriver
	at org.openqa.selenium.remote.HttpCommandExecutor.execute(HttpCommandExecutor.java:125)
	at org.openqa.selenium.remote.service.DriverCommandExecutor.execute(DriverCommandExecutor.java:83)
	at org.openqa.selenium.remote.RemoteWebDriver.execute(RemoteWebDriver.java:552)
	at org.openqa.selenium.remote.RemoteWebDriver$RemoteWebDriverOptions$RemoteTimeouts.implicitlyWait(RemoteWebDriver.java:780)
	at org.openqa.selenium.support.events.EventFiringWebDriver$EventFiringTimeouts.implicitlyWait(EventFiringWebDriver.java:670)
	at com.covid.qa.utils.Wait.implicitWait(Wait.java:24)
	at com.covid19.qa.HomePageTestcases.AdvanceSearchFunction.tearDown(AdvanceSearchFunction.java:631)
... Removed 25 stack frames]]>
    </failure>
  </testcase> <!-- @AfterClass tearDown -->
  <testcase name="VerifyPrimarySearchLabel" time="0.096" classname="com.covid19.qa.HomePageTestcases.PrimarySearchFunctionTestcase"/>
  <testcase name="AdvanceSearch_function" time="0.094" classname="com.covid19.qa.HomePageTestcases.AdvanceSearchFunction"/>
  <testcase name="VerifyPlaceholdertextCurrentStatus" time="0.052" classname="com.covid19.qa.HomePageTestcases.PrimarySearchFunctionTestcase"/>
  <testcase name="VerifypaitentIDequaltoPlaceholdertext" time="0.617" classname="com.covid19.qa.HomePageTestcases.AdvanceSearchFunction"/>
  <testcase name="VerifyAllvaluesCurrentStatus" time="0.067" classname="com.covid19.qa.HomePageTestcases.PrimarySearchFunctionTestcase"/>
  <testcase name="VerifyPaitentIDPLaceholderText_function" time="1.084" classname="com.covid19.qa.HomePageTestcases.AdvanceSearchFunction"/>
  <testcase name="VerifylabelTransmission_Type" time="0.023" classname="com.covid19.qa.HomePageTestcases.PrimarySearchFunctionTestcase"/>
  <testcase name="VerifyStatePatientIDTitle" time="0.022" classname="com.covid19.qa.HomePageTestcases.AdvanceSearchFunction"/>
  <testcase name="VerifyPlaceholdertextTransmission_Type" time="0.023" classname="com.covid19.qa.HomePageTestcases.PrimarySearchFunctionTestcase"/>
  <testcase name="VerifyStatePatientIDPlaceHoldertext" time="0.097" classname="com.covid19.qa.HomePageTestcases.AdvanceSearchFunction"/>
  <testcase name="VerifydropdownvaluesTransmission_Type" time="0.025" classname="com.covid19.qa.HomePageTestcases.PrimarySearchFunctionTestcase"/>
  <testcase name="VerifyDistrictTitle" time="0.131" classname="com.covid19.qa.HomePageTestcases.AdvanceSearchFunction"/>
  <testcase name="VerifyStateLabel" time="0.024" classname="com.covid19.qa.HomePageTestcases.PrimarySearchFunctionTestcase"/>
  <testcase name="VerifyCityTitle" time="0.022" classname="com.covid19.qa.HomePageTestcases.AdvanceSearchFunction"/>
  <testcase name="VerifyStatePlaceholderText" time="0.021" classname="com.covid19.qa.HomePageTestcases.PrimarySearchFunctionTestcase"/>
  <testcase name="VerifyCityPlaceHolderText" time="0.091" classname="com.covid19.qa.HomePageTestcases.AdvanceSearchFunction"/>
  <testcase name="VerifyStateDropdownvalues" time="0.034" classname="com.covid19.qa.HomePageTestcases.PrimarySearchFunctionTestcase"/>
  <testcase name="VerifyZipcodeTitle" time="0.023" classname="com.covid19.qa.HomePageTestcases.AdvanceSearchFunction"/>
  <testcase name="VerifyclustersLabelName" time="0.022" classname="com.covid19.qa.HomePageTestcases.PrimarySearchFunctionTestcase"/>
  <testcase name="VerifyZipcodePlaceholderText" time="0.015" classname="com.covid19.qa.HomePageTestcases.AdvanceSearchFunction"/>
  <testcase name="VerifyclustersPlaceholderText" time="0.021" classname="com.covid19.qa.HomePageTestcases.PrimarySearchFunctionTestcase"/>
  <testcase name="VerifyAgeEqualToPlaceholderText" time="0.696" classname="com.covid19.qa.HomePageTestcases.AdvanceSearchFunction"/>
  <testcase name="VerifyclustersDropdownvalues" time="0.024" classname="com.covid19.qa.HomePageTestcases.PrimarySearchFunctionTestcase"/>
  <testcase name="VerifyInputTextfieldPlaceholderText" time="0.315" classname="com.covid19.qa.HomePageTestcases.AdvanceSearchFunction"/>
  <testcase name="VerifyNationalityLabel" time="0.029" classname="com.covid19.qa.HomePageTestcases.PrimarySearchFunctionTestcase"/>
  <testcase name="VerifyDateAnnouncedequaltoPlaceholderText" time="0.704" classname="com.covid19.qa.HomePageTestcases.AdvanceSearchFunction"/>
  <testcase name="VerifyPlaceholderTextNationalityLabel" time="0.024" classname="com.covid19.qa.HomePageTestcases.PrimarySearchFunctionTestcase"/>
  <testcase name="VerifyDateAnnouncedInputFieldPlaceholderText" time="0.359" classname="com.covid19.qa.HomePageTestcases.AdvanceSearchFunction"/>
  <testcase name="VerifyDRopdownvaluesNationalityLabel" time="0.08" classname="com.covid19.qa.HomePageTestcases.PrimarySearchFunctionTestcase"/>
  <testcase name="VerifyStatusChangeDatePlaceholderText" time="0.022" classname="com.covid19.qa.HomePageTestcases.AdvanceSearchFunction"/>
  <testcase name="VerifyGenderLabel" time="0.026" classname="com.covid19.qa.HomePageTestcases.PrimarySearchFunctionTestcase"/>
  <testcase name="VerifyStatusChangeDateInputTextFieldPlaceholderText" time="6.622" classname="com.covid19.qa.HomePageTestcases.AdvanceSearchFunction"/>
  <testcase name="VerifyPlaceholdertextGenderLabel" time="0.035" classname="com.covid19.qa.HomePageTestcases.PrimarySearchFunctionTestcase"/>
  <testcase name="VerifyPaitentIDMinPLaceholderText" time="0.015" classname="com.covid19.qa.HomePageTestcases.AdvanceSearchFunction"/>
  <testcase name="VerifyDropdownValuesGenderLabel" time="0.022" classname="com.covid19.qa.HomePageTestcases.PrimarySearchFunctionTestcase"/>
  <testcase name="VerifyPaitentIDMaxPLaceholderText" time="0.806" classname="com.covid19.qa.HomePageTestcases.AdvanceSearchFunction"/>
  <testcase name="VerifyAgeMinInputFieldPlaceholderText" time="0.031" classname="com.covid19.qa.HomePageTestcases.AdvanceSearchFunction"/>
  <testcase name="PrimarySearch_function" time="11.385" classname="com.covid19.qa.HomePageTestcases.PrimarySearchFunctionTestcase"/>
  <testcase name="VerifyAgeMaxInputFieldPlaceholderText" time="0.017" classname="com.covid19.qa.HomePageTestcases.AdvanceSearchFunction">
    <failure type="org.openqa.selenium.NoSuchSessionException" message="Session ID is null. Using WebDriver after calling quit()?
Build info: version: &amp;apos;3.141.59&amp;apos;, revision: &amp;apos;e82be7d358&amp;apos;, time: &amp;apos;2018-11-14T08:17:03&amp;apos;
System info: host: &amp;apos;Srijan-ka-MBP-2&amp;apos;, ip: &amp;apos;2401:4900:44e2:bcc0:581:7cd6:d043:9e4d%en0&amp;apos;, os.name: &amp;apos;Mac OS X&amp;apos;, os.arch: &amp;apos;x86_64&amp;apos;, os.version: &amp;apos;10.15.2&amp;apos;, java.version: &amp;apos;1.8.0_202&amp;apos;
Driver info: driver.version: EventFiringWebDriver">
      <![CDATA[org.openqa.selenium.NoSuchSessionException: Session ID is null. Using WebDriver after calling quit()?
Build info: version: '3.141.59', revision: 'e82be7d358', time: '2018-11-14T08:17:03'
System info: host: 'Srijan-ka-MBP-2', ip: '2401:4900:44e2:bcc0:581:7cd6:d043:9e4d%en0', os.name: 'Mac OS X', os.arch: 'x86_64', os.version: '10.15.2', java.version: '1.8.0_202'
Driver info: driver.version: EventFiringWebDriver
	at org.openqa.selenium.remote.HttpCommandExecutor.execute(HttpCommandExecutor.java:125)
	at org.openqa.selenium.remote.service.DriverCommandExecutor.execute(DriverCommandExecutor.java:83)
	at org.openqa.selenium.remote.RemoteWebDriver.execute(RemoteWebDriver.java:552)
	at org.openqa.selenium.remote.RemoteWebDriver.findElement(RemoteWebDriver.java:323)
	at org.openqa.selenium.remote.RemoteWebDriver.findElementByXPath(RemoteWebDriver.java:428)
	at org.openqa.selenium.By$ByXPath.findElement(By.java:353)
	at org.openqa.selenium.remote.RemoteWebDriver.findElement(RemoteWebDriver.java:315)
	at org.openqa.selenium.support.events.EventFiringWebDriver.lambda$new$1(EventFiringWebDriver.java:105)
	at com.sun.proxy.$Proxy7.findElement(Unknown Source)
	at org.openqa.selenium.support.events.EventFiringWebDriver.findElement(EventFiringWebDriver.java:194)
	at org.openqa.selenium.support.pagefactory.DefaultElementLocator.findElement(DefaultElementLocator.java:69)
	at org.openqa.selenium.support.pagefactory.internal.LocatingElementHandler.invoke(LocatingElementHandler.java:38)
	at com.sun.proxy.$Proxy11.isDisplayed(Unknown Source)
	at org.openqa.selenium.support.ui.ExpectedConditions.elementIfVisible(ExpectedConditions.java:314)
	at org.openqa.selenium.support.ui.ExpectedConditions.access$000(ExpectedConditions.java:43)
	at org.openqa.selenium.support.ui.ExpectedConditions$10.apply(ExpectedConditions.java:300)
	at org.openqa.selenium.support.ui.ExpectedConditions$10.apply(ExpectedConditions.java:297)
	at org.openqa.selenium.support.ui.FluentWait.until(FluentWait.java:249)
	at com.covid.qa.utils.Wait.visibiltyOfElement(Wait.java:44)
	at com.covid19.qa.pages.AdvanceSearchHomePage.VerifyAgeMaxInputFieldPlaceholderText(AdvanceSearchHomePage.java:612)
	at com.covid19.qa.HomePageTestcases.AdvanceSearchFunction.VerifyAgeMaxInputFieldPlaceholderText(AdvanceSearchFunction.java:422)
... Removed 28 stack frames]]>
    </failure>
  </testcase> <!-- VerifyAgeMaxInputFieldPlaceholderText -->
  <testcase name="VerifyDateAnnouncedMinInputFieldPlaceholderText" time="0.0" classname="com.covid19.qa.HomePageTestcases.AdvanceSearchFunction">
    <failure type="org.openqa.selenium.NoSuchSessionException" message="Session ID is null. Using WebDriver after calling quit()?
Build info: version: &amp;apos;3.141.59&amp;apos;, revision: &amp;apos;e82be7d358&amp;apos;, time: &amp;apos;2018-11-14T08:17:03&amp;apos;
System info: host: &amp;apos;Srijan-ka-MBP-2&amp;apos;, ip: &amp;apos;2401:4900:44e2:bcc0:581:7cd6:d043:9e4d%en0&amp;apos;, os.name: &amp;apos;Mac OS X&amp;apos;, os.arch: &amp;apos;x86_64&amp;apos;, os.version: &amp;apos;10.15.2&amp;apos;, java.version: &amp;apos;1.8.0_202&amp;apos;
Driver info: driver.version: EventFiringWebDriver">
      <![CDATA[org.openqa.selenium.NoSuchSessionException: Session ID is null. Using WebDriver after calling quit()?
Build info: version: '3.141.59', revision: 'e82be7d358', time: '2018-11-14T08:17:03'
System info: host: 'Srijan-ka-MBP-2', ip: '2401:4900:44e2:bcc0:581:7cd6:d043:9e4d%en0', os.name: 'Mac OS X', os.arch: 'x86_64', os.version: '10.15.2', java.version: '1.8.0_202'
Driver info: driver.version: EventFiringWebDriver
	at org.openqa.selenium.remote.HttpCommandExecutor.execute(HttpCommandExecutor.java:125)
	at org.openqa.selenium.remote.service.DriverCommandExecutor.execute(DriverCommandExecutor.java:83)
	at org.openqa.selenium.remote.RemoteWebDriver.execute(RemoteWebDriver.java:552)
	at org.openqa.selenium.remote.RemoteWebDriver.findElement(RemoteWebDriver.java:323)
	at org.openqa.selenium.remote.RemoteWebDriver.findElementByXPath(RemoteWebDriver.java:428)
	at org.openqa.selenium.By$ByXPath.findElement(By.java:353)
	at org.openqa.selenium.remote.RemoteWebDriver.findElement(RemoteWebDriver.java:315)
	at org.openqa.selenium.support.events.EventFiringWebDriver.lambda$new$1(EventFiringWebDriver.java:105)
	at com.sun.proxy.$Proxy7.findElement(Unknown Source)
	at org.openqa.selenium.support.events.EventFiringWebDriver.findElement(EventFiringWebDriver.java:194)
	at org.openqa.selenium.support.pagefactory.DefaultElementLocator.findElement(DefaultElementLocator.java:69)
	at org.openqa.selenium.support.pagefactory.internal.LocatingElementHandler.invoke(LocatingElementHandler.java:38)
	at com.sun.proxy.$Proxy11.isDisplayed(Unknown Source)
	at org.openqa.selenium.support.ui.ExpectedConditions.elementIfVisible(ExpectedConditions.java:314)
	at org.openqa.selenium.support.ui.ExpectedConditions.access$000(ExpectedConditions.java:43)
	at org.openqa.selenium.support.ui.ExpectedConditions$10.apply(ExpectedConditions.java:300)
	at org.openqa.selenium.support.ui.ExpectedConditions$10.apply(ExpectedConditions.java:297)
	at org.openqa.selenium.support.ui.FluentWait.until(FluentWait.java:249)
	at com.covid.qa.utils.Wait.visibiltyOfElement(Wait.java:44)
	at com.covid19.qa.pages.AdvanceSearchHomePage.SelectDateAnnouncedIsbetweenOperator(AdvanceSearchHomePage.java:805)
	at com.covid19.qa.HomePageTestcases.AdvanceSearchFunction.VerifyDateAnnouncedMinInputFieldPlaceholderText(AdvanceSearchFunction.java:440)
... Removed 28 stack frames]]>
    </failure>
  </testcase> <!-- VerifyDateAnnouncedMinInputFieldPlaceholderText -->
  <testcase name="VerifyDateAnnouncedMaxInputFieldPlaceholderText" time="0.001" classname="com.covid19.qa.HomePageTestcases.AdvanceSearchFunction">
    <failure type="org.openqa.selenium.NoSuchSessionException" message="Session ID is null. Using WebDriver after calling quit()?
Build info: version: &amp;apos;3.141.59&amp;apos;, revision: &amp;apos;e82be7d358&amp;apos;, time: &amp;apos;2018-11-14T08:17:03&amp;apos;
System info: host: &amp;apos;Srijan-ka-MBP-2&amp;apos;, ip: &amp;apos;2401:4900:44e2:bcc0:581:7cd6:d043:9e4d%en0&amp;apos;, os.name: &amp;apos;Mac OS X&amp;apos;, os.arch: &amp;apos;x86_64&amp;apos;, os.version: &amp;apos;10.15.2&amp;apos;, java.version: &amp;apos;1.8.0_202&amp;apos;
Driver info: driver.version: EventFiringWebDriver">
      <![CDATA[org.openqa.selenium.NoSuchSessionException: Session ID is null. Using WebDriver after calling quit()?
Build info: version: '3.141.59', revision: 'e82be7d358', time: '2018-11-14T08:17:03'
System info: host: 'Srijan-ka-MBP-2', ip: '2401:4900:44e2:bcc0:581:7cd6:d043:9e4d%en0', os.name: 'Mac OS X', os.arch: 'x86_64', os.version: '10.15.2', java.version: '1.8.0_202'
Driver info: driver.version: EventFiringWebDriver
	at org.openqa.selenium.remote.HttpCommandExecutor.execute(HttpCommandExecutor.java:125)
	at org.openqa.selenium.remote.service.DriverCommandExecutor.execute(DriverCommandExecutor.java:83)
	at org.openqa.selenium.remote.RemoteWebDriver.execute(RemoteWebDriver.java:552)
	at org.openqa.selenium.remote.RemoteWebDriver.findElement(RemoteWebDriver.java:323)
	at org.openqa.selenium.remote.RemoteWebDriver.findElementByXPath(RemoteWebDriver.java:428)
	at org.openqa.selenium.By$ByXPath.findElement(By.java:353)
	at org.openqa.selenium.remote.RemoteWebDriver.findElement(RemoteWebDriver.java:315)
	at org.openqa.selenium.support.events.EventFiringWebDriver.lambda$new$1(EventFiringWebDriver.java:105)
	at com.sun.proxy.$Proxy7.findElement(Unknown Source)
	at org.openqa.selenium.support.events.EventFiringWebDriver.findElement(EventFiringWebDriver.java:194)
	at org.openqa.selenium.support.pagefactory.DefaultElementLocator.findElement(DefaultElementLocator.java:69)
	at org.openqa.selenium.support.pagefactory.internal.LocatingElementHandler.invoke(LocatingElementHandler.java:38)
	at com.sun.proxy.$Proxy11.isDisplayed(Unknown Source)
	at org.openqa.selenium.support.ui.ExpectedConditions.elementIfVisible(ExpectedConditions.java:314)
	at org.openqa.selenium.support.ui.ExpectedConditions.access$000(ExpectedConditions.java:43)
	at org.openqa.selenium.support.ui.ExpectedConditions$10.apply(ExpectedConditions.java:300)
	at org.openqa.selenium.support.ui.ExpectedConditions$10.apply(ExpectedConditions.java:297)
	at org.openqa.selenium.support.ui.FluentWait.until(FluentWait.java:249)
	at com.covid.qa.utils.Wait.visibiltyOfElement(Wait.java:44)
	at com.covid19.qa.pages.AdvanceSearchHomePage.VerifyDateAnnouncedMaxInputFieldPlaceholderText(AdvanceSearchHomePage.java:647)
	at com.covid19.qa.HomePageTestcases.AdvanceSearchFunction.VerifyDateAnnouncedMaxInputFieldPlaceholderText(AdvanceSearchFunction.java:456)
... Removed 28 stack frames]]>
    </failure>
  </testcase> <!-- VerifyDateAnnouncedMaxInputFieldPlaceholderText -->
  <testcase name="VerifyStatusChangeDateMinInputtextfieldPlaceholderText" time="0.001" classname="com.covid19.qa.HomePageTestcases.AdvanceSearchFunction">
    <failure type="org.openqa.selenium.NoSuchSessionException" message="Session ID is null. Using WebDriver after calling quit()?
Build info: version: &amp;apos;3.141.59&amp;apos;, revision: &amp;apos;e82be7d358&amp;apos;, time: &amp;apos;2018-11-14T08:17:03&amp;apos;
System info: host: &amp;apos;Srijan-ka-MBP-2&amp;apos;, ip: &amp;apos;2401:4900:44e2:bcc0:581:7cd6:d043:9e4d%en0&amp;apos;, os.name: &amp;apos;Mac OS X&amp;apos;, os.arch: &amp;apos;x86_64&amp;apos;, os.version: &amp;apos;10.15.2&amp;apos;, java.version: &amp;apos;1.8.0_202&amp;apos;
Driver info: driver.version: EventFiringWebDriver">
      <![CDATA[org.openqa.selenium.NoSuchSessionException: Session ID is null. Using WebDriver after calling quit()?
Build info: version: '3.141.59', revision: 'e82be7d358', time: '2018-11-14T08:17:03'
System info: host: 'Srijan-ka-MBP-2', ip: '2401:4900:44e2:bcc0:581:7cd6:d043:9e4d%en0', os.name: 'Mac OS X', os.arch: 'x86_64', os.version: '10.15.2', java.version: '1.8.0_202'
Driver info: driver.version: EventFiringWebDriver
	at org.openqa.selenium.remote.HttpCommandExecutor.execute(HttpCommandExecutor.java:125)
	at org.openqa.selenium.remote.service.DriverCommandExecutor.execute(DriverCommandExecutor.java:83)
	at org.openqa.selenium.remote.RemoteWebDriver.execute(RemoteWebDriver.java:552)
	at org.openqa.selenium.remote.RemoteWebDriver.findElement(RemoteWebDriver.java:323)
	at org.openqa.selenium.remote.RemoteWebDriver.findElementByXPath(RemoteWebDriver.java:428)
	at org.openqa.selenium.By$ByXPath.findElement(By.java:353)
	at org.openqa.selenium.remote.RemoteWebDriver.findElement(RemoteWebDriver.java:315)
	at org.openqa.selenium.support.events.EventFiringWebDriver.lambda$new$1(EventFiringWebDriver.java:105)
	at com.sun.proxy.$Proxy7.findElement(Unknown Source)
	at org.openqa.selenium.support.events.EventFiringWebDriver.findElement(EventFiringWebDriver.java:194)
	at com.covid19.qa.HomePageTestcases.AdvanceSearchFunction.VerifyStatusChangeDateMinInputtextfieldPlaceholderText(AdvanceSearchFunction.java:473)
... Removed 28 stack frames]]>
    </failure>
  </testcase> <!-- VerifyStatusChangeDateMinInputtextfieldPlaceholderText -->
  <testcase name="VerifyStatusChangeDateMinInputtextfieldPlaceholderText1" time="0.0" classname="com.covid19.qa.HomePageTestcases.AdvanceSearchFunction">
    <failure type="org.openqa.selenium.NoSuchSessionException" message="Session ID is null. Using WebDriver after calling quit()?
Build info: version: &amp;apos;3.141.59&amp;apos;, revision: &amp;apos;e82be7d358&amp;apos;, time: &amp;apos;2018-11-14T08:17:03&amp;apos;
System info: host: &amp;apos;Srijan-ka-MBP-2&amp;apos;, ip: &amp;apos;2401:4900:44e2:bcc0:581:7cd6:d043:9e4d%en0&amp;apos;, os.name: &amp;apos;Mac OS X&amp;apos;, os.arch: &amp;apos;x86_64&amp;apos;, os.version: &amp;apos;10.15.2&amp;apos;, java.version: &amp;apos;1.8.0_202&amp;apos;
Driver info: driver.version: EventFiringWebDriver">
      <![CDATA[org.openqa.selenium.NoSuchSessionException: Session ID is null. Using WebDriver after calling quit()?
Build info: version: '3.141.59', revision: 'e82be7d358', time: '2018-11-14T08:17:03'
System info: host: 'Srijan-ka-MBP-2', ip: '2401:4900:44e2:bcc0:581:7cd6:d043:9e4d%en0', os.name: 'Mac OS X', os.arch: 'x86_64', os.version: '10.15.2', java.version: '1.8.0_202'
Driver info: driver.version: EventFiringWebDriver
	at org.openqa.selenium.remote.HttpCommandExecutor.execute(HttpCommandExecutor.java:125)
	at org.openqa.selenium.remote.service.DriverCommandExecutor.execute(DriverCommandExecutor.java:83)
	at org.openqa.selenium.remote.RemoteWebDriver.execute(RemoteWebDriver.java:552)
	at org.openqa.selenium.remote.RemoteWebDriver.findElement(RemoteWebDriver.java:323)
	at org.openqa.selenium.remote.RemoteWebDriver.findElementByXPath(RemoteWebDriver.java:428)
	at org.openqa.selenium.By$ByXPath.findElement(By.java:353)
	at org.openqa.selenium.remote.RemoteWebDriver.findElement(RemoteWebDriver.java:315)
	at org.openqa.selenium.support.events.EventFiringWebDriver.lambda$new$1(EventFiringWebDriver.java:105)
	at com.sun.proxy.$Proxy7.findElement(Unknown Source)
	at org.openqa.selenium.support.events.EventFiringWebDriver.findElement(EventFiringWebDriver.java:194)
	at org.openqa.selenium.support.pagefactory.DefaultElementLocator.findElement(DefaultElementLocator.java:69)
	at org.openqa.selenium.support.pagefactory.internal.LocatingElementHandler.invoke(LocatingElementHandler.java:38)
	at com.sun.proxy.$Proxy11.isDisplayed(Unknown Source)
	at org.openqa.selenium.support.ui.ExpectedConditions.elementIfVisible(ExpectedConditions.java:314)
	at org.openqa.selenium.support.ui.ExpectedConditions.access$000(ExpectedConditions.java:43)
	at org.openqa.selenium.support.ui.ExpectedConditions$10.apply(ExpectedConditions.java:300)
	at org.openqa.selenium.support.ui.ExpectedConditions$10.apply(ExpectedConditions.java:297)
	at org.openqa.selenium.support.ui.FluentWait.until(FluentWait.java:249)
	at com.covid.qa.utils.Wait.visibiltyOfElement(Wait.java:44)
	at com.covid19.qa.pages.AdvanceSearchHomePage.VerifyStatusChangeDateMinInputtextfieldPlaceholderText(AdvanceSearchHomePage.java:677)
	at com.covid19.qa.HomePageTestcases.AdvanceSearchFunction.VerifyStatusChangeDateMinInputtextfieldPlaceholderText1(AdvanceSearchFunction.java:494)
... Removed 28 stack frames]]>
    </failure>
  </testcase> <!-- VerifyStatusChangeDateMinInputtextfieldPlaceholderText1 -->
  <testcase name="VerifyStatusChangeDateMaxInputtextfieldPlaceholderText" time="0.001" classname="com.covid19.qa.HomePageTestcases.AdvanceSearchFunction">
    <failure type="org.openqa.selenium.NoSuchSessionException" message="Session ID is null. Using WebDriver after calling quit()?
Build info: version: &amp;apos;3.141.59&amp;apos;, revision: &amp;apos;e82be7d358&amp;apos;, time: &amp;apos;2018-11-14T08:17:03&amp;apos;
System info: host: &amp;apos;Srijan-ka-MBP-2&amp;apos;, ip: &amp;apos;2401:4900:44e2:bcc0:581:7cd6:d043:9e4d%en0&amp;apos;, os.name: &amp;apos;Mac OS X&amp;apos;, os.arch: &amp;apos;x86_64&amp;apos;, os.version: &amp;apos;10.15.2&amp;apos;, java.version: &amp;apos;1.8.0_202&amp;apos;
Driver info: driver.version: EventFiringWebDriver">
      <![CDATA[org.openqa.selenium.NoSuchSessionException: Session ID is null. Using WebDriver after calling quit()?
Build info: version: '3.141.59', revision: 'e82be7d358', time: '2018-11-14T08:17:03'
System info: host: 'Srijan-ka-MBP-2', ip: '2401:4900:44e2:bcc0:581:7cd6:d043:9e4d%en0', os.name: 'Mac OS X', os.arch: 'x86_64', os.version: '10.15.2', java.version: '1.8.0_202'
Driver info: driver.version: EventFiringWebDriver
	at org.openqa.selenium.remote.HttpCommandExecutor.execute(HttpCommandExecutor.java:125)
	at org.openqa.selenium.remote.service.DriverCommandExecutor.execute(DriverCommandExecutor.java:83)
	at org.openqa.selenium.remote.RemoteWebDriver.execute(RemoteWebDriver.java:552)
	at org.openqa.selenium.remote.RemoteWebDriver.findElement(RemoteWebDriver.java:323)
	at org.openqa.selenium.remote.RemoteWebDriver.findElementByXPath(RemoteWebDriver.java:428)
	at org.openqa.selenium.By$ByXPath.findElement(By.java:353)
	at org.openqa.selenium.remote.RemoteWebDriver.findElement(RemoteWebDriver.java:315)
	at org.openqa.selenium.support.events.EventFiringWebDriver.lambda$new$1(EventFiringWebDriver.java:105)
	at com.sun.proxy.$Proxy7.findElement(Unknown Source)
	at org.openqa.selenium.support.events.EventFiringWebDriver.findElement(EventFiringWebDriver.java:194)
	at org.openqa.selenium.support.pagefactory.DefaultElementLocator.findElement(DefaultElementLocator.java:69)
	at org.openqa.selenium.support.pagefactory.internal.LocatingElementHandler.invoke(LocatingElementHandler.java:38)
	at com.sun.proxy.$Proxy11.isDisplayed(Unknown Source)
	at org.openqa.selenium.support.ui.ExpectedConditions.elementIfVisible(ExpectedConditions.java:314)
	at org.openqa.selenium.support.ui.ExpectedConditions.access$000(ExpectedConditions.java:43)
	at org.openqa.selenium.support.ui.ExpectedConditions$10.apply(ExpectedConditions.java:300)
	at org.openqa.selenium.support.ui.ExpectedConditions$10.apply(ExpectedConditions.java:297)
	at org.openqa.selenium.support.ui.FluentWait.until(FluentWait.java:249)
	at com.covid.qa.utils.Wait.visibiltyOfElement(Wait.java:44)
	at com.covid19.qa.pages.AdvanceSearchHomePage.VerifyStatusChangeDateMaxInputtextfieldPlaceholderText(AdvanceSearchHomePage.java:687)
	at com.covid19.qa.HomePageTestcases.AdvanceSearchFunction.VerifyStatusChangeDateMaxInputtextfieldPlaceholderText(AdvanceSearchFunction.java:509)
... Removed 28 stack frames]]>
    </failure>
  </testcase> <!-- VerifyStatusChangeDateMaxInputtextfieldPlaceholderText -->
</testsuite> <!-- Test -->
