<html>
<head>
<title>TestNG:  Test</title>
<link href="../testng.css" rel="stylesheet" type="text/css" />
<link href="../my-testng.css" rel="stylesheet" type="text/css" />

<style type="text/css">
.log { display: none;} 
.stack-trace { display: none;} 
</style>
<script type="text/javascript">
<!--
function flip(e) {
  current = e.style.display;
  if (current == 'block') {
    e.style.display = 'none';
    return 0;
  }
  else {
    e.style.display = 'block';
    return 1;
  }
}

function toggleBox(szDivId, elem, msg1, msg2)
{
  var res = -1;  if (document.getElementById) {
    res = flip(document.getElementById(szDivId));
  }
  else if (document.all) {
    // this is the way old msie versions work
    res = flip(document.all[szDivId]);
  }
  if(elem) {
    if(res == 0) elem.innerHTML = msg1; else elem.innerHTML = msg2;
  }

}

function toggleAllBoxes() {
  if (document.getElementsByTagName) {
    d = document.getElementsByTagName('div');
    for (i = 0; i < d.length; i++) {
      if (d[i].className == 'log') {
        flip(d[i]);
      }
    }
  }
}

// -->
</script>

</head>
<body>
<h2 align='center'>Test</h2><table border='1' align="center">
<tr>
<td>Tests passed/Failed/Skipped:</td><td>38/6/0</td>
</tr><tr>
<td>Started on:</td><td>Wed May 20 19:08:39 IST 2020</td>
</tr>
<tr><td>Total time:</td><td>36 seconds (36335 ms)</td>
</tr><tr>
<td>Included groups:</td><td></td>
</tr><tr>
<td>Excluded groups:</td><td></td>
</tr>
</table><p/>
<small><i>(Hover the method name to see the test class name)</i></small><p/>
<table width='100%' border='1' class='invocation-failed'>
<tr><td colspan='4' align='center'><b>FAILED CONFIGURATIONS</b></td></tr>
<tr><td><b>Test method</b></td>
<td width="30%"><b>Exception</b></td>
<td width="10%"><b>Time (seconds)</b></td>
<td><b>Instance</b></td>
</tr>
<tr>
<td title='com.covid19.qa.HomePageTestcases.AdvanceSearchFunction.tearDown()'><b>tearDown</b><br>Test class: com.covid19.qa.HomePageTestcases.AdvanceSearchFunction</td>
<td><div><pre>org.openqa.selenium.NoSuchSessionException: Session ID is null. Using WebDriver after calling quit()?
Build info: version: &apos;3.141.59&apos;, revision: &apos;e82be7d358&apos;, time: &apos;2018-11-14T08:17:03&apos;
System info: host: &apos;Srijan-ka-MBP-2&apos;, ip: &apos;2401:4900:44e2:bcc0:581:7cd6:d043:9e4d%en0&apos;, os.name: &apos;Mac OS X&apos;, os.arch: &apos;x86_64&apos;, os.version: &apos;10.15.2&apos;, java.version: &apos;1.8.0_202&apos;
Driver info: driver.version: RemoteWebDriver
	at org.openqa.selenium.remote.HttpCommandExecutor.execute(HttpCommandExecutor.java:125)
	at org.openqa.selenium.remote.service.DriverCommandExecutor.execute(DriverCommandExecutor.java:83)
	at org.openqa.selenium.remote.RemoteWebDriver.execute(RemoteWebDriver.java:552)
	at org.openqa.selenium.remote.RemoteWebDriver$RemoteWebDriverOptions$RemoteTimeouts.implicitlyWait(RemoteWebDriver.java:780)
	at org.openqa.selenium.support.events.EventFiringWebDriver$EventFiringTimeouts.implicitlyWait(EventFiringWebDriver.java:670)
	at com.covid.qa.utils.Wait.implicitWait(Wait.java:24)
	at com.covid19.qa.HomePageTestcases.AdvanceSearchFunction.tearDown(AdvanceSearchFunction.java:631)
... Removed 25 stack frames</pre></div><a href='#' onClick='toggleBox("stack-trace83674409", this, "Click to show all stack frames", "Click to hide stack frames")'>Click to show all stack frames</a>
<div class='stack-trace' id='stack-trace83674409'><pre>org.openqa.selenium.NoSuchSessionException: Session ID is null. Using WebDriver after calling quit()?
Build info: version: &apos;3.141.59&apos;, revision: &apos;e82be7d358&apos;, time: &apos;2018-11-14T08:17:03&apos;
System info: host: &apos;Srijan-ka-MBP-2&apos;, ip: &apos;2401:4900:44e2:bcc0:581:7cd6:d043:9e4d%en0&apos;, os.name: &apos;Mac OS X&apos;, os.arch: &apos;x86_64&apos;, os.version: &apos;10.15.2&apos;, java.version: &apos;1.8.0_202&apos;
Driver info: driver.version: RemoteWebDriver
	at org.openqa.selenium.remote.HttpCommandExecutor.execute(HttpCommandExecutor.java:125)
	at org.openqa.selenium.remote.service.DriverCommandExecutor.execute(DriverCommandExecutor.java:83)
	at org.openqa.selenium.remote.RemoteWebDriver.execute(RemoteWebDriver.java:552)
	at org.openqa.selenium.remote.RemoteWebDriver$RemoteWebDriverOptions$RemoteTimeouts.implicitlyWait(RemoteWebDriver.java:780)
	at org.openqa.selenium.support.events.EventFiringWebDriver$EventFiringTimeouts.implicitlyWait(EventFiringWebDriver.java:670)
	at com.covid.qa.utils.Wait.implicitWait(Wait.java:24)
	at com.covid19.qa.HomePageTestcases.AdvanceSearchFunction.tearDown(AdvanceSearchFunction.java:631)
	at sun.reflect.NativeMethodAccessorImpl.invoke0(Native Method)
	at sun.reflect.NativeMethodAccessorImpl.invoke(NativeMethodAccessorImpl.java:62)
	at sun.reflect.DelegatingMethodAccessorImpl.invoke(DelegatingMethodAccessorImpl.java:43)
	at java.lang.reflect.Method.invoke(Method.java:498)
	at org.testng.internal.MethodInvocationHelper.invokeMethod(MethodInvocationHelper.java:108)
	at org.testng.internal.Invoker.invokeConfigurationMethod(Invoker.java:523)
	at org.testng.internal.Invoker.invokeConfigurations(Invoker.java:224)
	at org.testng.internal.Invoker.invokeConfigurations(Invoker.java:146)
	at org.testng.internal.TestMethodWorker.invokeAfterClassMethods(TestMethodWorker.java:212)
	at org.testng.internal.TestMethodWorker.run(TestMethodWorker.java:112)
	at org.testng.TestRunner.privateRun(TestRunner.java:744)
	at org.testng.TestRunner.run(TestRunner.java:602)
	at org.testng.SuiteRunner.runTest(SuiteRunner.java:380)
	at org.testng.SuiteRunner.runSequentially(SuiteRunner.java:375)
	at org.testng.SuiteRunner.privateRun(SuiteRunner.java:340)
	at org.testng.SuiteRunner.run(SuiteRunner.java:289)
	at org.testng.SuiteRunnerWorker.runSuite(SuiteRunnerWorker.java:52)
	at org.testng.SuiteRunnerWorker.run(SuiteRunnerWorker.java:86)
	at org.testng.TestNG.runSuitesSequentially(TestNG.java:1301)
	at org.testng.TestNG.runSuitesLocally(TestNG.java:1226)
	at org.testng.TestNG.runSuites(TestNG.java:1144)
	at org.testng.TestNG.run(TestNG.java:1115)
	at org.testng.remote.AbstractRemoteTestNG.run(AbstractRemoteTestNG.java:115)
	at org.testng.remote.RemoteTestNG.initAndRun(RemoteTestNG.java:251)
	at org.testng.remote.RemoteTestNG.main(RemoteTestNG.java:77)
</pre></div></td>
<td>0</td>
<td>com.covid19.qa.HomePageTestcases.AdvanceSearchFunction@2b546384</td></tr>
</table><p>
<table width='100%' border='1' class='invocation-failed'>
<tr><td colspan='4' align='center'><b>FAILED TESTS</b></td></tr>
<tr><td><b>Test method</b></td>
<td width="30%"><b>Exception</b></td>
<td width="10%"><b>Time (seconds)</b></td>
<td><b>Instance</b></td>
</tr>
<tr>
<td title='com.covid19.qa.HomePageTestcases.AdvanceSearchFunction.VerifyAgeMaxInputFieldPlaceholderText()'><b>VerifyAgeMaxInputFieldPlaceholderText</b><br>Test class: com.covid19.qa.HomePageTestcases.AdvanceSearchFunction</td>
<td><div><pre>org.openqa.selenium.NoSuchSessionException: Session ID is null. Using WebDriver after calling quit()?
Build info: version: &apos;3.141.59&apos;, revision: &apos;e82be7d358&apos;, time: &apos;2018-11-14T08:17:03&apos;
System info: host: &apos;Srijan-ka-MBP-2&apos;, ip: &apos;2401:4900:44e2:bcc0:581:7cd6:d043:9e4d%en0&apos;, os.name: &apos;Mac OS X&apos;, os.arch: &apos;x86_64&apos;, os.version: &apos;10.15.2&apos;, java.version: &apos;1.8.0_202&apos;
Driver info: driver.version: EventFiringWebDriver
	at org.openqa.selenium.remote.HttpCommandExecutor.execute(HttpCommandExecutor.java:125)
	at org.openqa.selenium.remote.service.DriverCommandExecutor.execute(DriverCommandExecutor.java:83)
	at org.openqa.selenium.remote.RemoteWebDriver.execute(RemoteWebDriver.java:552)
	at org.openqa.selenium.remote.RemoteWebDriver.findElement(RemoteWebDriver.java:323)
	at org.openqa.selenium.remote.RemoteWebDriver.findElementByXPath(RemoteWebDriver.java:428)
	at org.openqa.selenium.By$ByXPath.findElement(By.java:353)
	at org.openqa.selenium.remote.RemoteWebDriver.findElement(RemoteWebDriver.java:315)
	at org.openqa.selenium.support.events.EventFiringWebDriver.lambda$new$1(EventFiringWebDriver.java:105)
	at com.sun.proxy.$Proxy7.findElement(Unknown Source)
	at org.openqa.selenium.support.events.EventFiringWebDriver.findElement(EventFiringWebDriver.java:194)
	at org.openqa.selenium.support.pagefactory.DefaultElementLocator.findElement(DefaultElementLocator.java:69)
	at org.openqa.selenium.support.pagefactory.internal.LocatingElementHandler.invoke(LocatingElementHandler.java:38)
	at com.sun.proxy.$Proxy11.isDisplayed(Unknown Source)
	at org.openqa.selenium.support.ui.ExpectedConditions.elementIfVisible(ExpectedConditions.java:314)
	at org.openqa.selenium.support.ui.ExpectedConditions.access$000(ExpectedConditions.java:43)
	at org.openqa.selenium.support.ui.ExpectedConditions$10.apply(ExpectedConditions.java:300)
	at org.openqa.selenium.support.ui.ExpectedConditions$10.apply(ExpectedConditions.java:297)
	at org.openqa.selenium.support.ui.FluentWait.until(FluentWait.java:249)
	at com.covid.qa.utils.Wait.visibiltyOfElement(Wait.java:44)
	at com.covid19.qa.pages.AdvanceSearchHomePage.VerifyAgeMaxInputFieldPlaceholderText(AdvanceSearchHomePage.java:612)
	at com.covid19.qa.HomePageTestcases.AdvanceSearchFunction.VerifyAgeMaxInputFieldPlaceholderText(AdvanceSearchFunction.java:422)
... Removed 28 stack frames</pre></div><a href='#' onClick='toggleBox("stack-trace2117193231", this, "Click to show all stack frames", "Click to hide stack frames")'>Click to show all stack frames</a>
<div class='stack-trace' id='stack-trace2117193231'><pre>org.openqa.selenium.NoSuchSessionException: Session ID is null. Using WebDriver after calling quit()?
Build info: version: &apos;3.141.59&apos;, revision: &apos;e82be7d358&apos;, time: &apos;2018-11-14T08:17:03&apos;
System info: host: &apos;Srijan-ka-MBP-2&apos;, ip: &apos;2401:4900:44e2:bcc0:581:7cd6:d043:9e4d%en0&apos;, os.name: &apos;Mac OS X&apos;, os.arch: &apos;x86_64&apos;, os.version: &apos;10.15.2&apos;, java.version: &apos;1.8.0_202&apos;
Driver info: driver.version: EventFiringWebDriver
	at org.openqa.selenium.remote.HttpCommandExecutor.execute(HttpCommandExecutor.java:125)
	at org.openqa.selenium.remote.service.DriverCommandExecutor.execute(DriverCommandExecutor.java:83)
	at org.openqa.selenium.remote.RemoteWebDriver.execute(RemoteWebDriver.java:552)
	at org.openqa.selenium.remote.RemoteWebDriver.findElement(RemoteWebDriver.java:323)
	at org.openqa.selenium.remote.RemoteWebDriver.findElementByXPath(RemoteWebDriver.java:428)
	at org.openqa.selenium.By$ByXPath.findElement(By.java:353)
	at org.openqa.selenium.remote.RemoteWebDriver.findElement(RemoteWebDriver.java:315)
	at sun.reflect.GeneratedMethodAccessor2.invoke(Unknown Source)
	at sun.reflect.DelegatingMethodAccessorImpl.invoke(DelegatingMethodAccessorImpl.java:43)
	at java.lang.reflect.Method.invoke(Method.java:498)
	at org.openqa.selenium.support.events.EventFiringWebDriver.lambda$new$1(EventFiringWebDriver.java:105)
	at com.sun.proxy.$Proxy7.findElement(Unknown Source)
	at org.openqa.selenium.support.events.EventFiringWebDriver.findElement(EventFiringWebDriver.java:194)
	at org.openqa.selenium.support.pagefactory.DefaultElementLocator.findElement(DefaultElementLocator.java:69)
	at org.openqa.selenium.support.pagefactory.internal.LocatingElementHandler.invoke(LocatingElementHandler.java:38)
	at com.sun.proxy.$Proxy11.isDisplayed(Unknown Source)
	at org.openqa.selenium.support.ui.ExpectedConditions.elementIfVisible(ExpectedConditions.java:314)
	at org.openqa.selenium.support.ui.ExpectedConditions.access$000(ExpectedConditions.java:43)
	at org.openqa.selenium.support.ui.ExpectedConditions$10.apply(ExpectedConditions.java:300)
	at org.openqa.selenium.support.ui.ExpectedConditions$10.apply(ExpectedConditions.java:297)
	at org.openqa.selenium.support.ui.FluentWait.until(FluentWait.java:249)
	at com.covid.qa.utils.Wait.visibiltyOfElement(Wait.java:44)
	at com.covid19.qa.pages.AdvanceSearchHomePage.VerifyAgeMaxInputFieldPlaceholderText(AdvanceSearchHomePage.java:612)
	at com.covid19.qa.HomePageTestcases.AdvanceSearchFunction.VerifyAgeMaxInputFieldPlaceholderText(AdvanceSearchFunction.java:422)
	at sun.reflect.NativeMethodAccessorImpl.invoke0(Native Method)
	at sun.reflect.NativeMethodAccessorImpl.invoke(NativeMethodAccessorImpl.java:62)
	at sun.reflect.DelegatingMethodAccessorImpl.invoke(DelegatingMethodAccessorImpl.java:43)
	at java.lang.reflect.Method.invoke(Method.java:498)
	at org.testng.internal.MethodInvocationHelper.invokeMethod(MethodInvocationHelper.java:108)
	at org.testng.internal.Invoker.invokeMethod(Invoker.java:661)
	at org.testng.internal.Invoker.invokeTestMethod(Invoker.java:869)
	at org.testng.internal.Invoker.invokeTestMethods(Invoker.java:1193)
	at org.testng.internal.TestMethodWorker.invokeTestMethods(TestMethodWorker.java:126)
	at org.testng.internal.TestMethodWorker.run(TestMethodWorker.java:109)
	at org.testng.TestRunner.privateRun(TestRunner.java:744)
	at org.testng.TestRunner.run(TestRunner.java:602)
	at org.testng.SuiteRunner.runTest(SuiteRunner.java:380)
	at org.testng.SuiteRunner.runSequentially(SuiteRunner.java:375)
	at org.testng.SuiteRunner.privateRun(SuiteRunner.java:340)
	at org.testng.SuiteRunner.run(SuiteRunner.java:289)
	at org.testng.SuiteRunnerWorker.runSuite(SuiteRunnerWorker.java:52)
	at org.testng.SuiteRunnerWorker.run(SuiteRunnerWorker.java:86)
	at org.testng.TestNG.runSuitesSequentially(TestNG.java:1301)
	at org.testng.TestNG.runSuitesLocally(TestNG.java:1226)
	at org.testng.TestNG.runSuites(TestNG.java:1144)
	at org.testng.TestNG.run(TestNG.java:1115)
	at org.testng.remote.AbstractRemoteTestNG.run(AbstractRemoteTestNG.java:115)
	at org.testng.remote.RemoteTestNG.initAndRun(RemoteTestNG.java:251)
	at org.testng.remote.RemoteTestNG.main(RemoteTestNG.java:77)
</pre></div></td>
<td>0</td>
<td>com.covid19.qa.HomePageTestcases.AdvanceSearchFunction@2b546384</td></tr>
<tr>
<td title='com.covid19.qa.HomePageTestcases.AdvanceSearchFunction.VerifyDateAnnouncedMaxInputFieldPlaceholderText()'><b>VerifyDateAnnouncedMaxInputFieldPlaceholderText</b><br>Test class: com.covid19.qa.HomePageTestcases.AdvanceSearchFunction</td>
<td><div><pre>org.openqa.selenium.NoSuchSessionException: Session ID is null. Using WebDriver after calling quit()?
Build info: version: &apos;3.141.59&apos;, revision: &apos;e82be7d358&apos;, time: &apos;2018-11-14T08:17:03&apos;
System info: host: &apos;Srijan-ka-MBP-2&apos;, ip: &apos;2401:4900:44e2:bcc0:581:7cd6:d043:9e4d%en0&apos;, os.name: &apos;Mac OS X&apos;, os.arch: &apos;x86_64&apos;, os.version: &apos;10.15.2&apos;, java.version: &apos;1.8.0_202&apos;
Driver info: driver.version: EventFiringWebDriver
	at org.openqa.selenium.remote.HttpCommandExecutor.execute(HttpCommandExecutor.java:125)
	at org.openqa.selenium.remote.service.DriverCommandExecutor.execute(DriverCommandExecutor.java:83)
	at org.openqa.selenium.remote.RemoteWebDriver.execute(RemoteWebDriver.java:552)
	at org.openqa.selenium.remote.RemoteWebDriver.findElement(RemoteWebDriver.java:323)
	at org.openqa.selenium.remote.RemoteWebDriver.findElementByXPath(RemoteWebDriver.java:428)
	at org.openqa.selenium.By$ByXPath.findElement(By.java:353)
	at org.openqa.selenium.remote.RemoteWebDriver.findElement(RemoteWebDriver.java:315)
	at org.openqa.selenium.support.events.EventFiringWebDriver.lambda$new$1(EventFiringWebDriver.java:105)
	at com.sun.proxy.$Proxy7.findElement(Unknown Source)
	at org.openqa.selenium.support.events.EventFiringWebDriver.findElement(EventFiringWebDriver.java:194)
	at org.openqa.selenium.support.pagefactory.DefaultElementLocator.findElement(DefaultElementLocator.java:69)
	at org.openqa.selenium.support.pagefactory.internal.LocatingElementHandler.invoke(LocatingElementHandler.java:38)
	at com.sun.proxy.$Proxy11.isDisplayed(Unknown Source)
	at org.openqa.selenium.support.ui.ExpectedConditions.elementIfVisible(ExpectedConditions.java:314)
	at org.openqa.selenium.support.ui.ExpectedConditions.access$000(ExpectedConditions.java:43)
	at org.openqa.selenium.support.ui.ExpectedConditions$10.apply(ExpectedConditions.java:300)
	at org.openqa.selenium.support.ui.ExpectedConditions$10.apply(ExpectedConditions.java:297)
	at org.openqa.selenium.support.ui.FluentWait.until(FluentWait.java:249)
	at com.covid.qa.utils.Wait.visibiltyOfElement(Wait.java:44)
	at com.covid19.qa.pages.AdvanceSearchHomePage.VerifyDateAnnouncedMaxInputFieldPlaceholderText(AdvanceSearchHomePage.java:647)
	at com.covid19.qa.HomePageTestcases.AdvanceSearchFunction.VerifyDateAnnouncedMaxInputFieldPlaceholderText(AdvanceSearchFunction.java:456)
... Removed 28 stack frames</pre></div><a href='#' onClick='toggleBox("stack-trace855501888", this, "Click to show all stack frames", "Click to hide stack frames")'>Click to show all stack frames</a>
<div class='stack-trace' id='stack-trace855501888'><pre>org.openqa.selenium.NoSuchSessionException: Session ID is null. Using WebDriver after calling quit()?
Build info: version: &apos;3.141.59&apos;, revision: &apos;e82be7d358&apos;, time: &apos;2018-11-14T08:17:03&apos;
System info: host: &apos;Srijan-ka-MBP-2&apos;, ip: &apos;2401:4900:44e2:bcc0:581:7cd6:d043:9e4d%en0&apos;, os.name: &apos;Mac OS X&apos;, os.arch: &apos;x86_64&apos;, os.version: &apos;10.15.2&apos;, java.version: &apos;1.8.0_202&apos;
Driver info: driver.version: EventFiringWebDriver
	at org.openqa.selenium.remote.HttpCommandExecutor.execute(HttpCommandExecutor.java:125)
	at org.openqa.selenium.remote.service.DriverCommandExecutor.execute(DriverCommandExecutor.java:83)
	at org.openqa.selenium.remote.RemoteWebDriver.execute(RemoteWebDriver.java:552)
	at org.openqa.selenium.remote.RemoteWebDriver.findElement(RemoteWebDriver.java:323)
	at org.openqa.selenium.remote.RemoteWebDriver.findElementByXPath(RemoteWebDriver.java:428)
	at org.openqa.selenium.By$ByXPath.findElement(By.java:353)
	at org.openqa.selenium.remote.RemoteWebDriver.findElement(RemoteWebDriver.java:315)
	at sun.reflect.GeneratedMethodAccessor2.invoke(Unknown Source)
	at sun.reflect.DelegatingMethodAccessorImpl.invoke(DelegatingMethodAccessorImpl.java:43)
	at java.lang.reflect.Method.invoke(Method.java:498)
	at org.openqa.selenium.support.events.EventFiringWebDriver.lambda$new$1(EventFiringWebDriver.java:105)
	at com.sun.proxy.$Proxy7.findElement(Unknown Source)
	at org.openqa.selenium.support.events.EventFiringWebDriver.findElement(EventFiringWebDriver.java:194)
	at org.openqa.selenium.support.pagefactory.DefaultElementLocator.findElement(DefaultElementLocator.java:69)
	at org.openqa.selenium.support.pagefactory.internal.LocatingElementHandler.invoke(LocatingElementHandler.java:38)
	at com.sun.proxy.$Proxy11.isDisplayed(Unknown Source)
	at org.openqa.selenium.support.ui.ExpectedConditions.elementIfVisible(ExpectedConditions.java:314)
	at org.openqa.selenium.support.ui.ExpectedConditions.access$000(ExpectedConditions.java:43)
	at org.openqa.selenium.support.ui.ExpectedConditions$10.apply(ExpectedConditions.java:300)
	at org.openqa.selenium.support.ui.ExpectedConditions$10.apply(ExpectedConditions.java:297)
	at org.openqa.selenium.support.ui.FluentWait.until(FluentWait.java:249)
	at com.covid.qa.utils.Wait.visibiltyOfElement(Wait.java:44)
	at com.covid19.qa.pages.AdvanceSearchHomePage.VerifyDateAnnouncedMaxInputFieldPlaceholderText(AdvanceSearchHomePage.java:647)
	at com.covid19.qa.HomePageTestcases.AdvanceSearchFunction.VerifyDateAnnouncedMaxInputFieldPlaceholderText(AdvanceSearchFunction.java:456)
	at sun.reflect.NativeMethodAccessorImpl.invoke0(Native Method)
	at sun.reflect.NativeMethodAccessorImpl.invoke(NativeMethodAccessorImpl.java:62)
	at sun.reflect.DelegatingMethodAccessorImpl.invoke(DelegatingMethodAccessorImpl.java:43)
	at java.lang.reflect.Method.invoke(Method.java:498)
	at org.testng.internal.MethodInvocationHelper.invokeMethod(MethodInvocationHelper.java:108)
	at org.testng.internal.Invoker.invokeMethod(Invoker.java:661)
	at org.testng.internal.Invoker.invokeTestMethod(Invoker.java:869)
	at org.testng.internal.Invoker.invokeTestMethods(Invoker.java:1193)
	at org.testng.internal.TestMethodWorker.invokeTestMethods(TestMethodWorker.java:126)
	at org.testng.internal.TestMethodWorker.run(TestMethodWorker.java:109)
	at org.testng.TestRunner.privateRun(TestRunner.java:744)
	at org.testng.TestRunner.run(TestRunner.java:602)
	at org.testng.SuiteRunner.runTest(SuiteRunner.java:380)
	at org.testng.SuiteRunner.runSequentially(SuiteRunner.java:375)
	at org.testng.SuiteRunner.privateRun(SuiteRunner.java:340)
	at org.testng.SuiteRunner.run(SuiteRunner.java:289)
	at org.testng.SuiteRunnerWorker.runSuite(SuiteRunnerWorker.java:52)
	at org.testng.SuiteRunnerWorker.run(SuiteRunnerWorker.java:86)
	at org.testng.TestNG.runSuitesSequentially(TestNG.java:1301)
	at org.testng.TestNG.runSuitesLocally(TestNG.java:1226)
	at org.testng.TestNG.runSuites(TestNG.java:1144)
	at org.testng.TestNG.run(TestNG.java:1115)
	at org.testng.remote.AbstractRemoteTestNG.run(AbstractRemoteTestNG.java:115)
	at org.testng.remote.RemoteTestNG.initAndRun(RemoteTestNG.java:251)
	at org.testng.remote.RemoteTestNG.main(RemoteTestNG.java:77)
</pre></div></td>
<td>0</td>
<td>com.covid19.qa.HomePageTestcases.AdvanceSearchFunction@2b546384</td></tr>
<tr>
<td title='com.covid19.qa.HomePageTestcases.AdvanceSearchFunction.VerifyDateAnnouncedMinInputFieldPlaceholderText()'><b>VerifyDateAnnouncedMinInputFieldPlaceholderText</b><br>Test class: com.covid19.qa.HomePageTestcases.AdvanceSearchFunction</td>
<td><div><pre>org.openqa.selenium.NoSuchSessionException: Session ID is null. Using WebDriver after calling quit()?
Build info: version: &apos;3.141.59&apos;, revision: &apos;e82be7d358&apos;, time: &apos;2018-11-14T08:17:03&apos;
System info: host: &apos;Srijan-ka-MBP-2&apos;, ip: &apos;2401:4900:44e2:bcc0:581:7cd6:d043:9e4d%en0&apos;, os.name: &apos;Mac OS X&apos;, os.arch: &apos;x86_64&apos;, os.version: &apos;10.15.2&apos;, java.version: &apos;1.8.0_202&apos;
Driver info: driver.version: EventFiringWebDriver
	at org.openqa.selenium.remote.HttpCommandExecutor.execute(HttpCommandExecutor.java:125)
	at org.openqa.selenium.remote.service.DriverCommandExecutor.execute(DriverCommandExecutor.java:83)
	at org.openqa.selenium.remote.RemoteWebDriver.execute(RemoteWebDriver.java:552)
	at org.openqa.selenium.remote.RemoteWebDriver.findElement(RemoteWebDriver.java:323)
	at org.openqa.selenium.remote.RemoteWebDriver.findElementByXPath(RemoteWebDriver.java:428)
	at org.openqa.selenium.By$ByXPath.findElement(By.java:353)
	at org.openqa.selenium.remote.RemoteWebDriver.findElement(RemoteWebDriver.java:315)
	at org.openqa.selenium.support.events.EventFiringWebDriver.lambda$new$1(EventFiringWebDriver.java:105)
	at com.sun.proxy.$Proxy7.findElement(Unknown Source)
	at org.openqa.selenium.support.events.EventFiringWebDriver.findElement(EventFiringWebDriver.java:194)
	at org.openqa.selenium.support.pagefactory.DefaultElementLocator.findElement(DefaultElementLocator.java:69)
	at org.openqa.selenium.support.pagefactory.internal.LocatingElementHandler.invoke(LocatingElementHandler.java:38)
	at com.sun.proxy.$Proxy11.isDisplayed(Unknown Source)
	at org.openqa.selenium.support.ui.ExpectedConditions.elementIfVisible(ExpectedConditions.java:314)
	at org.openqa.selenium.support.ui.ExpectedConditions.access$000(ExpectedConditions.java:43)
	at org.openqa.selenium.support.ui.ExpectedConditions$10.apply(ExpectedConditions.java:300)
	at org.openqa.selenium.support.ui.ExpectedConditions$10.apply(ExpectedConditions.java:297)
	at org.openqa.selenium.support.ui.FluentWait.until(FluentWait.java:249)
	at com.covid.qa.utils.Wait.visibiltyOfElement(Wait.java:44)
	at com.covid19.qa.pages.AdvanceSearchHomePage.SelectDateAnnouncedIsbetweenOperator(AdvanceSearchHomePage.java:805)
	at com.covid19.qa.HomePageTestcases.AdvanceSearchFunction.VerifyDateAnnouncedMinInputFieldPlaceholderText(AdvanceSearchFunction.java:440)
... Removed 28 stack frames</pre></div><a href='#' onClick='toggleBox("stack-trace814245389", this, "Click to show all stack frames", "Click to hide stack frames")'>Click to show all stack frames</a>
<div class='stack-trace' id='stack-trace814245389'><pre>org.openqa.selenium.NoSuchSessionException: Session ID is null. Using WebDriver after calling quit()?
Build info: version: &apos;3.141.59&apos;, revision: &apos;e82be7d358&apos;, time: &apos;2018-11-14T08:17:03&apos;
System info: host: &apos;Srijan-ka-MBP-2&apos;, ip: &apos;2401:4900:44e2:bcc0:581:7cd6:d043:9e4d%en0&apos;, os.name: &apos;Mac OS X&apos;, os.arch: &apos;x86_64&apos;, os.version: &apos;10.15.2&apos;, java.version: &apos;1.8.0_202&apos;
Driver info: driver.version: EventFiringWebDriver
	at org.openqa.selenium.remote.HttpCommandExecutor.execute(HttpCommandExecutor.java:125)
	at org.openqa.selenium.remote.service.DriverCommandExecutor.execute(DriverCommandExecutor.java:83)
	at org.openqa.selenium.remote.RemoteWebDriver.execute(RemoteWebDriver.java:552)
	at org.openqa.selenium.remote.RemoteWebDriver.findElement(RemoteWebDriver.java:323)
	at org.openqa.selenium.remote.RemoteWebDriver.findElementByXPath(RemoteWebDriver.java:428)
	at org.openqa.selenium.By$ByXPath.findElement(By.java:353)
	at org.openqa.selenium.remote.RemoteWebDriver.findElement(RemoteWebDriver.java:315)
	at sun.reflect.GeneratedMethodAccessor2.invoke(Unknown Source)
	at sun.reflect.DelegatingMethodAccessorImpl.invoke(DelegatingMethodAccessorImpl.java:43)
	at java.lang.reflect.Method.invoke(Method.java:498)
	at org.openqa.selenium.support.events.EventFiringWebDriver.lambda$new$1(EventFiringWebDriver.java:105)
	at com.sun.proxy.$Proxy7.findElement(Unknown Source)
	at org.openqa.selenium.support.events.EventFiringWebDriver.findElement(EventFiringWebDriver.java:194)
	at org.openqa.selenium.support.pagefactory.DefaultElementLocator.findElement(DefaultElementLocator.java:69)
	at org.openqa.selenium.support.pagefactory.internal.LocatingElementHandler.invoke(LocatingElementHandler.java:38)
	at com.sun.proxy.$Proxy11.isDisplayed(Unknown Source)
	at org.openqa.selenium.support.ui.ExpectedConditions.elementIfVisible(ExpectedConditions.java:314)
	at org.openqa.selenium.support.ui.ExpectedConditions.access$000(ExpectedConditions.java:43)
	at org.openqa.selenium.support.ui.ExpectedConditions$10.apply(ExpectedConditions.java:300)
	at org.openqa.selenium.support.ui.ExpectedConditions$10.apply(ExpectedConditions.java:297)
	at org.openqa.selenium.support.ui.FluentWait.until(FluentWait.java:249)
	at com.covid.qa.utils.Wait.visibiltyOfElement(Wait.java:44)
	at com.covid19.qa.pages.AdvanceSearchHomePage.SelectDateAnnouncedIsbetweenOperator(AdvanceSearchHomePage.java:805)
	at com.covid19.qa.HomePageTestcases.AdvanceSearchFunction.VerifyDateAnnouncedMinInputFieldPlaceholderText(AdvanceSearchFunction.java:440)
	at sun.reflect.NativeMethodAccessorImpl.invoke0(Native Method)
	at sun.reflect.NativeMethodAccessorImpl.invoke(NativeMethodAccessorImpl.java:62)
	at sun.reflect.DelegatingMethodAccessorImpl.invoke(DelegatingMethodAccessorImpl.java:43)
	at java.lang.reflect.Method.invoke(Method.java:498)
	at org.testng.internal.MethodInvocationHelper.invokeMethod(MethodInvocationHelper.java:108)
	at org.testng.internal.Invoker.invokeMethod(Invoker.java:661)
	at org.testng.internal.Invoker.invokeTestMethod(Invoker.java:869)
	at org.testng.internal.Invoker.invokeTestMethods(Invoker.java:1193)
	at org.testng.internal.TestMethodWorker.invokeTestMethods(TestMethodWorker.java:126)
	at org.testng.internal.TestMethodWorker.run(TestMethodWorker.java:109)
	at org.testng.TestRunner.privateRun(TestRunner.java:744)
	at org.testng.TestRunner.run(TestRunner.java:602)
	at org.testng.SuiteRunner.runTest(SuiteRunner.java:380)
	at org.testng.SuiteRunner.runSequentially(SuiteRunner.java:375)
	at org.testng.SuiteRunner.privateRun(SuiteRunner.java:340)
	at org.testng.SuiteRunner.run(SuiteRunner.java:289)
	at org.testng.SuiteRunnerWorker.runSuite(SuiteRunnerWorker.java:52)
	at org.testng.SuiteRunnerWorker.run(SuiteRunnerWorker.java:86)
	at org.testng.TestNG.runSuitesSequentially(TestNG.java:1301)
	at org.testng.TestNG.runSuitesLocally(TestNG.java:1226)
	at org.testng.TestNG.runSuites(TestNG.java:1144)
	at org.testng.TestNG.run(TestNG.java:1115)
	at org.testng.remote.AbstractRemoteTestNG.run(AbstractRemoteTestNG.java:115)
	at org.testng.remote.RemoteTestNG.initAndRun(RemoteTestNG.java:251)
	at org.testng.remote.RemoteTestNG.main(RemoteTestNG.java:77)
</pre></div></td>
<td>0</td>
<td>com.covid19.qa.HomePageTestcases.AdvanceSearchFunction@2b546384</td></tr>
<tr>
<td title='com.covid19.qa.HomePageTestcases.AdvanceSearchFunction.VerifyStatusChangeDateMaxInputtextfieldPlaceholderText()'><b>VerifyStatusChangeDateMaxInputtextfieldPlaceholderText</b><br>Test class: com.covid19.qa.HomePageTestcases.AdvanceSearchFunction</td>
<td><div><pre>org.openqa.selenium.NoSuchSessionException: Session ID is null. Using WebDriver after calling quit()?
Build info: version: &apos;3.141.59&apos;, revision: &apos;e82be7d358&apos;, time: &apos;2018-11-14T08:17:03&apos;
System info: host: &apos;Srijan-ka-MBP-2&apos;, ip: &apos;2401:4900:44e2:bcc0:581:7cd6:d043:9e4d%en0&apos;, os.name: &apos;Mac OS X&apos;, os.arch: &apos;x86_64&apos;, os.version: &apos;10.15.2&apos;, java.version: &apos;1.8.0_202&apos;
Driver info: driver.version: EventFiringWebDriver
	at org.openqa.selenium.remote.HttpCommandExecutor.execute(HttpCommandExecutor.java:125)
	at org.openqa.selenium.remote.service.DriverCommandExecutor.execute(DriverCommandExecutor.java:83)
	at org.openqa.selenium.remote.RemoteWebDriver.execute(RemoteWebDriver.java:552)
	at org.openqa.selenium.remote.RemoteWebDriver.findElement(RemoteWebDriver.java:323)
	at org.openqa.selenium.remote.RemoteWebDriver.findElementByXPath(RemoteWebDriver.java:428)
	at org.openqa.selenium.By$ByXPath.findElement(By.java:353)
	at org.openqa.selenium.remote.RemoteWebDriver.findElement(RemoteWebDriver.java:315)
	at org.openqa.selenium.support.events.EventFiringWebDriver.lambda$new$1(EventFiringWebDriver.java:105)
	at com.sun.proxy.$Proxy7.findElement(Unknown Source)
	at org.openqa.selenium.support.events.EventFiringWebDriver.findElement(EventFiringWebDriver.java:194)
	at org.openqa.selenium.support.pagefactory.DefaultElementLocator.findElement(DefaultElementLocator.java:69)
	at org.openqa.selenium.support.pagefactory.internal.LocatingElementHandler.invoke(LocatingElementHandler.java:38)
	at com.sun.proxy.$Proxy11.isDisplayed(Unknown Source)
	at org.openqa.selenium.support.ui.ExpectedConditions.elementIfVisible(ExpectedConditions.java:314)
	at org.openqa.selenium.support.ui.ExpectedConditions.access$000(ExpectedConditions.java:43)
	at org.openqa.selenium.support.ui.ExpectedConditions$10.apply(ExpectedConditions.java:300)
	at org.openqa.selenium.support.ui.ExpectedConditions$10.apply(ExpectedConditions.java:297)
	at org.openqa.selenium.support.ui.FluentWait.until(FluentWait.java:249)
	at com.covid.qa.utils.Wait.visibiltyOfElement(Wait.java:44)
	at com.covid19.qa.pages.AdvanceSearchHomePage.VerifyStatusChangeDateMaxInputtextfieldPlaceholderText(AdvanceSearchHomePage.java:687)
	at com.covid19.qa.HomePageTestcases.AdvanceSearchFunction.VerifyStatusChangeDateMaxInputtextfieldPlaceholderText(AdvanceSearchFunction.java:509)
... Removed 28 stack frames</pre></div><a href='#' onClick='toggleBox("stack-trace1255445356", this, "Click to show all stack frames", "Click to hide stack frames")'>Click to show all stack frames</a>
<div class='stack-trace' id='stack-trace1255445356'><pre>org.openqa.selenium.NoSuchSessionException: Session ID is null. Using WebDriver after calling quit()?
Build info: version: &apos;3.141.59&apos;, revision: &apos;e82be7d358&apos;, time: &apos;2018-11-14T08:17:03&apos;
System info: host: &apos;Srijan-ka-MBP-2&apos;, ip: &apos;2401:4900:44e2:bcc0:581:7cd6:d043:9e4d%en0&apos;, os.name: &apos;Mac OS X&apos;, os.arch: &apos;x86_64&apos;, os.version: &apos;10.15.2&apos;, java.version: &apos;1.8.0_202&apos;
Driver info: driver.version: EventFiringWebDriver
	at org.openqa.selenium.remote.HttpCommandExecutor.execute(HttpCommandExecutor.java:125)
	at org.openqa.selenium.remote.service.DriverCommandExecutor.execute(DriverCommandExecutor.java:83)
	at org.openqa.selenium.remote.RemoteWebDriver.execute(RemoteWebDriver.java:552)
	at org.openqa.selenium.remote.RemoteWebDriver.findElement(RemoteWebDriver.java:323)
	at org.openqa.selenium.remote.RemoteWebDriver.findElementByXPath(RemoteWebDriver.java:428)
	at org.openqa.selenium.By$ByXPath.findElement(By.java:353)
	at org.openqa.selenium.remote.RemoteWebDriver.findElement(RemoteWebDriver.java:315)
	at sun.reflect.GeneratedMethodAccessor2.invoke(Unknown Source)
	at sun.reflect.DelegatingMethodAccessorImpl.invoke(DelegatingMethodAccessorImpl.java:43)
	at java.lang.reflect.Method.invoke(Method.java:498)
	at org.openqa.selenium.support.events.EventFiringWebDriver.lambda$new$1(EventFiringWebDriver.java:105)
	at com.sun.proxy.$Proxy7.findElement(Unknown Source)
	at org.openqa.selenium.support.events.EventFiringWebDriver.findElement(EventFiringWebDriver.java:194)
	at org.openqa.selenium.support.pagefactory.DefaultElementLocator.findElement(DefaultElementLocator.java:69)
	at org.openqa.selenium.support.pagefactory.internal.LocatingElementHandler.invoke(LocatingElementHandler.java:38)
	at com.sun.proxy.$Proxy11.isDisplayed(Unknown Source)
	at org.openqa.selenium.support.ui.ExpectedConditions.elementIfVisible(ExpectedConditions.java:314)
	at org.openqa.selenium.support.ui.ExpectedConditions.access$000(ExpectedConditions.java:43)
	at org.openqa.selenium.support.ui.ExpectedConditions$10.apply(ExpectedConditions.java:300)
	at org.openqa.selenium.support.ui.ExpectedConditions$10.apply(ExpectedConditions.java:297)
	at org.openqa.selenium.support.ui.FluentWait.until(FluentWait.java:249)
	at com.covid.qa.utils.Wait.visibiltyOfElement(Wait.java:44)
	at com.covid19.qa.pages.AdvanceSearchHomePage.VerifyStatusChangeDateMaxInputtextfieldPlaceholderText(AdvanceSearchHomePage.java:687)
	at com.covid19.qa.HomePageTestcases.AdvanceSearchFunction.VerifyStatusChangeDateMaxInputtextfieldPlaceholderText(AdvanceSearchFunction.java:509)
	at sun.reflect.NativeMethodAccessorImpl.invoke0(Native Method)
	at sun.reflect.NativeMethodAccessorImpl.invoke(NativeMethodAccessorImpl.java:62)
	at sun.reflect.DelegatingMethodAccessorImpl.invoke(DelegatingMethodAccessorImpl.java:43)
	at java.lang.reflect.Method.invoke(Method.java:498)
	at org.testng.internal.MethodInvocationHelper.invokeMethod(MethodInvocationHelper.java:108)
	at org.testng.internal.Invoker.invokeMethod(Invoker.java:661)
	at org.testng.internal.Invoker.invokeTestMethod(Invoker.java:869)
	at org.testng.internal.Invoker.invokeTestMethods(Invoker.java:1193)
	at org.testng.internal.TestMethodWorker.invokeTestMethods(TestMethodWorker.java:126)
	at org.testng.internal.TestMethodWorker.run(TestMethodWorker.java:109)
	at org.testng.TestRunner.privateRun(TestRunner.java:744)
	at org.testng.TestRunner.run(TestRunner.java:602)
	at org.testng.SuiteRunner.runTest(SuiteRunner.java:380)
	at org.testng.SuiteRunner.runSequentially(SuiteRunner.java:375)
	at org.testng.SuiteRunner.privateRun(SuiteRunner.java:340)
	at org.testng.SuiteRunner.run(SuiteRunner.java:289)
	at org.testng.SuiteRunnerWorker.runSuite(SuiteRunnerWorker.java:52)
	at org.testng.SuiteRunnerWorker.run(SuiteRunnerWorker.java:86)
	at org.testng.TestNG.runSuitesSequentially(TestNG.java:1301)
	at org.testng.TestNG.runSuitesLocally(TestNG.java:1226)
	at org.testng.TestNG.runSuites(TestNG.java:1144)
	at org.testng.TestNG.run(TestNG.java:1115)
	at org.testng.remote.AbstractRemoteTestNG.run(AbstractRemoteTestNG.java:115)
	at org.testng.remote.RemoteTestNG.initAndRun(RemoteTestNG.java:251)
	at org.testng.remote.RemoteTestNG.main(RemoteTestNG.java:77)
</pre></div></td>
<td>0</td>
<td>com.covid19.qa.HomePageTestcases.AdvanceSearchFunction@2b546384</td></tr>
<tr>
<td title='com.covid19.qa.HomePageTestcases.AdvanceSearchFunction.VerifyStatusChangeDateMinInputtextfieldPlaceholderText()'><b>VerifyStatusChangeDateMinInputtextfieldPlaceholderText</b><br>Test class: com.covid19.qa.HomePageTestcases.AdvanceSearchFunction</td>
<td><div><pre>org.openqa.selenium.NoSuchSessionException: Session ID is null. Using WebDriver after calling quit()?
Build info: version: &apos;3.141.59&apos;, revision: &apos;e82be7d358&apos;, time: &apos;2018-11-14T08:17:03&apos;
System info: host: &apos;Srijan-ka-MBP-2&apos;, ip: &apos;2401:4900:44e2:bcc0:581:7cd6:d043:9e4d%en0&apos;, os.name: &apos;Mac OS X&apos;, os.arch: &apos;x86_64&apos;, os.version: &apos;10.15.2&apos;, java.version: &apos;1.8.0_202&apos;
Driver info: driver.version: EventFiringWebDriver
	at org.openqa.selenium.remote.HttpCommandExecutor.execute(HttpCommandExecutor.java:125)
	at org.openqa.selenium.remote.service.DriverCommandExecutor.execute(DriverCommandExecutor.java:83)
	at org.openqa.selenium.remote.RemoteWebDriver.execute(RemoteWebDriver.java:552)
	at org.openqa.selenium.remote.RemoteWebDriver.findElement(RemoteWebDriver.java:323)
	at org.openqa.selenium.remote.RemoteWebDriver.findElementByXPath(RemoteWebDriver.java:428)
	at org.openqa.selenium.By$ByXPath.findElement(By.java:353)
	at org.openqa.selenium.remote.RemoteWebDriver.findElement(RemoteWebDriver.java:315)
	at org.openqa.selenium.support.events.EventFiringWebDriver.lambda$new$1(EventFiringWebDriver.java:105)
	at com.sun.proxy.$Proxy7.findElement(Unknown Source)
	at org.openqa.selenium.support.events.EventFiringWebDriver.findElement(EventFiringWebDriver.java:194)
	at com.covid19.qa.HomePageTestcases.AdvanceSearchFunction.VerifyStatusChangeDateMinInputtextfieldPlaceholderText(AdvanceSearchFunction.java:473)
... Removed 28 stack frames</pre></div><a href='#' onClick='toggleBox("stack-trace467146800", this, "Click to show all stack frames", "Click to hide stack frames")'>Click to show all stack frames</a>
<div class='stack-trace' id='stack-trace467146800'><pre>org.openqa.selenium.NoSuchSessionException: Session ID is null. Using WebDriver after calling quit()?
Build info: version: &apos;3.141.59&apos;, revision: &apos;e82be7d358&apos;, time: &apos;2018-11-14T08:17:03&apos;
System info: host: &apos;Srijan-ka-MBP-2&apos;, ip: &apos;2401:4900:44e2:bcc0:581:7cd6:d043:9e4d%en0&apos;, os.name: &apos;Mac OS X&apos;, os.arch: &apos;x86_64&apos;, os.version: &apos;10.15.2&apos;, java.version: &apos;1.8.0_202&apos;
Driver info: driver.version: EventFiringWebDriver
	at org.openqa.selenium.remote.HttpCommandExecutor.execute(HttpCommandExecutor.java:125)
	at org.openqa.selenium.remote.service.DriverCommandExecutor.execute(DriverCommandExecutor.java:83)
	at org.openqa.selenium.remote.RemoteWebDriver.execute(RemoteWebDriver.java:552)
	at org.openqa.selenium.remote.RemoteWebDriver.findElement(RemoteWebDriver.java:323)
	at org.openqa.selenium.remote.RemoteWebDriver.findElementByXPath(RemoteWebDriver.java:428)
	at org.openqa.selenium.By$ByXPath.findElement(By.java:353)
	at org.openqa.selenium.remote.RemoteWebDriver.findElement(RemoteWebDriver.java:315)
	at sun.reflect.GeneratedMethodAccessor2.invoke(Unknown Source)
	at sun.reflect.DelegatingMethodAccessorImpl.invoke(DelegatingMethodAccessorImpl.java:43)
	at java.lang.reflect.Method.invoke(Method.java:498)
	at org.openqa.selenium.support.events.EventFiringWebDriver.lambda$new$1(EventFiringWebDriver.java:105)
	at com.sun.proxy.$Proxy7.findElement(Unknown Source)
	at org.openqa.selenium.support.events.EventFiringWebDriver.findElement(EventFiringWebDriver.java:194)
	at com.covid19.qa.HomePageTestcases.AdvanceSearchFunction.VerifyStatusChangeDateMinInputtextfieldPlaceholderText(AdvanceSearchFunction.java:473)
	at sun.reflect.NativeMethodAccessorImpl.invoke0(Native Method)
	at sun.reflect.NativeMethodAccessorImpl.invoke(NativeMethodAccessorImpl.java:62)
	at sun.reflect.DelegatingMethodAccessorImpl.invoke(DelegatingMethodAccessorImpl.java:43)
	at java.lang.reflect.Method.invoke(Method.java:498)
	at org.testng.internal.MethodInvocationHelper.invokeMethod(MethodInvocationHelper.java:108)
	at org.testng.internal.Invoker.invokeMethod(Invoker.java:661)
	at org.testng.internal.Invoker.invokeTestMethod(Invoker.java:869)
	at org.testng.internal.Invoker.invokeTestMethods(Invoker.java:1193)
	at org.testng.internal.TestMethodWorker.invokeTestMethods(TestMethodWorker.java:126)
	at org.testng.internal.TestMethodWorker.run(TestMethodWorker.java:109)
	at org.testng.TestRunner.privateRun(TestRunner.java:744)
	at org.testng.TestRunner.run(TestRunner.java:602)
	at org.testng.SuiteRunner.runTest(SuiteRunner.java:380)
	at org.testng.SuiteRunner.runSequentially(SuiteRunner.java:375)
	at org.testng.SuiteRunner.privateRun(SuiteRunner.java:340)
	at org.testng.SuiteRunner.run(SuiteRunner.java:289)
	at org.testng.SuiteRunnerWorker.runSuite(SuiteRunnerWorker.java:52)
	at org.testng.SuiteRunnerWorker.run(SuiteRunnerWorker.java:86)
	at org.testng.TestNG.runSuitesSequentially(TestNG.java:1301)
	at org.testng.TestNG.runSuitesLocally(TestNG.java:1226)
	at org.testng.TestNG.runSuites(TestNG.java:1144)
	at org.testng.TestNG.run(TestNG.java:1115)
	at org.testng.remote.AbstractRemoteTestNG.run(AbstractRemoteTestNG.java:115)
	at org.testng.remote.RemoteTestNG.initAndRun(RemoteTestNG.java:251)
	at org.testng.remote.RemoteTestNG.main(RemoteTestNG.java:77)
</pre></div></td>
<td>0</td>
<td>com.covid19.qa.HomePageTestcases.AdvanceSearchFunction@2b546384</td></tr>
<tr>
<td title='com.covid19.qa.HomePageTestcases.AdvanceSearchFunction.VerifyStatusChangeDateMinInputtextfieldPlaceholderText1()'><b>VerifyStatusChangeDateMinInputtextfieldPlaceholderText1</b><br>Test class: com.covid19.qa.HomePageTestcases.AdvanceSearchFunction</td>
<td><div><pre>org.openqa.selenium.NoSuchSessionException: Session ID is null. Using WebDriver after calling quit()?
Build info: version: &apos;3.141.59&apos;, revision: &apos;e82be7d358&apos;, time: &apos;2018-11-14T08:17:03&apos;
System info: host: &apos;Srijan-ka-MBP-2&apos;, ip: &apos;2401:4900:44e2:bcc0:581:7cd6:d043:9e4d%en0&apos;, os.name: &apos;Mac OS X&apos;, os.arch: &apos;x86_64&apos;, os.version: &apos;10.15.2&apos;, java.version: &apos;1.8.0_202&apos;
Driver info: driver.version: EventFiringWebDriver
	at org.openqa.selenium.remote.HttpCommandExecutor.execute(HttpCommandExecutor.java:125)
	at org.openqa.selenium.remote.service.DriverCommandExecutor.execute(DriverCommandExecutor.java:83)
	at org.openqa.selenium.remote.RemoteWebDriver.execute(RemoteWebDriver.java:552)
	at org.openqa.selenium.remote.RemoteWebDriver.findElement(RemoteWebDriver.java:323)
	at org.openqa.selenium.remote.RemoteWebDriver.findElementByXPath(RemoteWebDriver.java:428)
	at org.openqa.selenium.By$ByXPath.findElement(By.java:353)
	at org.openqa.selenium.remote.RemoteWebDriver.findElement(RemoteWebDriver.java:315)
	at org.openqa.selenium.support.events.EventFiringWebDriver.lambda$new$1(EventFiringWebDriver.java:105)
	at com.sun.proxy.$Proxy7.findElement(Unknown Source)
	at org.openqa.selenium.support.events.EventFiringWebDriver.findElement(EventFiringWebDriver.java:194)
	at org.openqa.selenium.support.pagefactory.DefaultElementLocator.findElement(DefaultElementLocator.java:69)
	at org.openqa.selenium.support.pagefactory.internal.LocatingElementHandler.invoke(LocatingElementHandler.java:38)
	at com.sun.proxy.$Proxy11.isDisplayed(Unknown Source)
	at org.openqa.selenium.support.ui.ExpectedConditions.elementIfVisible(ExpectedConditions.java:314)
	at org.openqa.selenium.support.ui.ExpectedConditions.access$000(ExpectedConditions.java:43)
	at org.openqa.selenium.support.ui.ExpectedConditions$10.apply(ExpectedConditions.java:300)
	at org.openqa.selenium.support.ui.ExpectedConditions$10.apply(ExpectedConditions.java:297)
	at org.openqa.selenium.support.ui.FluentWait.until(FluentWait.java:249)
	at com.covid.qa.utils.Wait.visibiltyOfElement(Wait.java:44)
	at com.covid19.qa.pages.AdvanceSearchHomePage.VerifyStatusChangeDateMinInputtextfieldPlaceholderText(AdvanceSearchHomePage.java:677)
	at com.covid19.qa.HomePageTestcases.AdvanceSearchFunction.VerifyStatusChangeDateMinInputtextfieldPlaceholderText1(AdvanceSearchFunction.java:494)
... Removed 28 stack frames</pre></div><a href='#' onClick='toggleBox("stack-trace1693003105", this, "Click to show all stack frames", "Click to hide stack frames")'>Click to show all stack frames</a>
<div class='stack-trace' id='stack-trace1693003105'><pre>org.openqa.selenium.NoSuchSessionException: Session ID is null. Using WebDriver after calling quit()?
Build info: version: &apos;3.141.59&apos;, revision: &apos;e82be7d358&apos;, time: &apos;2018-11-14T08:17:03&apos;
System info: host: &apos;Srijan-ka-MBP-2&apos;, ip: &apos;2401:4900:44e2:bcc0:581:7cd6:d043:9e4d%en0&apos;, os.name: &apos;Mac OS X&apos;, os.arch: &apos;x86_64&apos;, os.version: &apos;10.15.2&apos;, java.version: &apos;1.8.0_202&apos;
Driver info: driver.version: EventFiringWebDriver
	at org.openqa.selenium.remote.HttpCommandExecutor.execute(HttpCommandExecutor.java:125)
	at org.openqa.selenium.remote.service.DriverCommandExecutor.execute(DriverCommandExecutor.java:83)
	at org.openqa.selenium.remote.RemoteWebDriver.execute(RemoteWebDriver.java:552)
	at org.openqa.selenium.remote.RemoteWebDriver.findElement(RemoteWebDriver.java:323)
	at org.openqa.selenium.remote.RemoteWebDriver.findElementByXPath(RemoteWebDriver.java:428)
	at org.openqa.selenium.By$ByXPath.findElement(By.java:353)
	at org.openqa.selenium.remote.RemoteWebDriver.findElement(RemoteWebDriver.java:315)
	at sun.reflect.GeneratedMethodAccessor2.invoke(Unknown Source)
	at sun.reflect.DelegatingMethodAccessorImpl.invoke(DelegatingMethodAccessorImpl.java:43)
	at java.lang.reflect.Method.invoke(Method.java:498)
	at org.openqa.selenium.support.events.EventFiringWebDriver.lambda$new$1(EventFiringWebDriver.java:105)
	at com.sun.proxy.$Proxy7.findElement(Unknown Source)
	at org.openqa.selenium.support.events.EventFiringWebDriver.findElement(EventFiringWebDriver.java:194)
	at org.openqa.selenium.support.pagefactory.DefaultElementLocator.findElement(DefaultElementLocator.java:69)
	at org.openqa.selenium.support.pagefactory.internal.LocatingElementHandler.invoke(LocatingElementHandler.java:38)
	at com.sun.proxy.$Proxy11.isDisplayed(Unknown Source)
	at org.openqa.selenium.support.ui.ExpectedConditions.elementIfVisible(ExpectedConditions.java:314)
	at org.openqa.selenium.support.ui.ExpectedConditions.access$000(ExpectedConditions.java:43)
	at org.openqa.selenium.support.ui.ExpectedConditions$10.apply(ExpectedConditions.java:300)
	at org.openqa.selenium.support.ui.ExpectedConditions$10.apply(ExpectedConditions.java:297)
	at org.openqa.selenium.support.ui.FluentWait.until(FluentWait.java:249)
	at com.covid.qa.utils.Wait.visibiltyOfElement(Wait.java:44)
	at com.covid19.qa.pages.AdvanceSearchHomePage.VerifyStatusChangeDateMinInputtextfieldPlaceholderText(AdvanceSearchHomePage.java:677)
	at com.covid19.qa.HomePageTestcases.AdvanceSearchFunction.VerifyStatusChangeDateMinInputtextfieldPlaceholderText1(AdvanceSearchFunction.java:494)
	at sun.reflect.NativeMethodAccessorImpl.invoke0(Native Method)
	at sun.reflect.NativeMethodAccessorImpl.invoke(NativeMethodAccessorImpl.java:62)
	at sun.reflect.DelegatingMethodAccessorImpl.invoke(DelegatingMethodAccessorImpl.java:43)
	at java.lang.reflect.Method.invoke(Method.java:498)
	at org.testng.internal.MethodInvocationHelper.invokeMethod(MethodInvocationHelper.java:108)
	at org.testng.internal.Invoker.invokeMethod(Invoker.java:661)
	at org.testng.internal.Invoker.invokeTestMethod(Invoker.java:869)
	at org.testng.internal.Invoker.invokeTestMethods(Invoker.java:1193)
	at org.testng.internal.TestMethodWorker.invokeTestMethods(TestMethodWorker.java:126)
	at org.testng.internal.TestMethodWorker.run(TestMethodWorker.java:109)
	at org.testng.TestRunner.privateRun(TestRunner.java:744)
	at org.testng.TestRunner.run(TestRunner.java:602)
	at org.testng.SuiteRunner.runTest(SuiteRunner.java:380)
	at org.testng.SuiteRunner.runSequentially(SuiteRunner.java:375)
	at org.testng.SuiteRunner.privateRun(SuiteRunner.java:340)
	at org.testng.SuiteRunner.run(SuiteRunner.java:289)
	at org.testng.SuiteRunnerWorker.runSuite(SuiteRunnerWorker.java:52)
	at org.testng.SuiteRunnerWorker.run(SuiteRunnerWorker.java:86)
	at org.testng.TestNG.runSuitesSequentially(TestNG.java:1301)
	at org.testng.TestNG.runSuitesLocally(TestNG.java:1226)
	at org.testng.TestNG.runSuites(TestNG.java:1144)
	at org.testng.TestNG.run(TestNG.java:1115)
	at org.testng.remote.AbstractRemoteTestNG.run(AbstractRemoteTestNG.java:115)
	at org.testng.remote.RemoteTestNG.initAndRun(RemoteTestNG.java:251)
	at org.testng.remote.RemoteTestNG.main(RemoteTestNG.java:77)
</pre></div></td>
<td>0</td>
<td>com.covid19.qa.HomePageTestcases.AdvanceSearchFunction@2b546384</td></tr>
</table><p>
<table width='100%' border='1' class='invocation-passed'>
<tr><td colspan='4' align='center'><b>PASSED TESTS</b></td></tr>
<tr><td><b>Test method</b></td>
<td width="30%"><b>Exception</b></td>
<td width="10%"><b>Time (seconds)</b></td>
<td><b>Instance</b></td>
</tr>
<tr>
<td title='com.covid19.qa.HomePageTestcases.AdvanceSearchFunction.AdvanceSearch_function()'><b>AdvanceSearch_function</b><br>Test class: com.covid19.qa.HomePageTestcases.AdvanceSearchFunction</td>
<td></td>
<td>0</td>
<td>com.covid19.qa.HomePageTestcases.AdvanceSearchFunction@2b546384</td></tr>
<tr>
<td title='com.covid19.qa.HomePageTestcases.PrimarySearchFunctionTestcase.PrimarySearch_function()'><b>PrimarySearch_function</b><br>Test class: com.covid19.qa.HomePageTestcases.PrimarySearchFunctionTestcase</td>
<td></td>
<td>11</td>
<td>com.covid19.qa.HomePageTestcases.PrimarySearchFunctionTestcase@25b485ba</td></tr>
<tr>
<td title='com.covid19.qa.HomePageTestcases.AdvanceSearchFunction.VerifyAgeEqualToPlaceholderText()'><b>VerifyAgeEqualToPlaceholderText</b><br>Test class: com.covid19.qa.HomePageTestcases.AdvanceSearchFunction</td>
<td></td>
<td>0</td>
<td>com.covid19.qa.HomePageTestcases.AdvanceSearchFunction@2b546384</td></tr>
<tr>
<td title='com.covid19.qa.HomePageTestcases.AdvanceSearchFunction.VerifyAgeMinInputFieldPlaceholderText()'><b>VerifyAgeMinInputFieldPlaceholderText</b><br>Test class: com.covid19.qa.HomePageTestcases.AdvanceSearchFunction</td>
<td></td>
<td>0</td>
<td>com.covid19.qa.HomePageTestcases.AdvanceSearchFunction@2b546384</td></tr>
<tr>
<td title='com.covid19.qa.HomePageTestcases.PrimarySearchFunctionTestcase.VerifyAllvaluesCurrentStatus()'><b>VerifyAllvaluesCurrentStatus</b><br>Test class: com.covid19.qa.HomePageTestcases.PrimarySearchFunctionTestcase</td>
<td></td>
<td>0</td>
<td>com.covid19.qa.HomePageTestcases.PrimarySearchFunctionTestcase@25b485ba</td></tr>
<tr>
<td title='com.covid19.qa.HomePageTestcases.AdvanceSearchFunction.VerifyCityPlaceHolderText()'><b>VerifyCityPlaceHolderText</b><br>Test class: com.covid19.qa.HomePageTestcases.AdvanceSearchFunction</td>
<td></td>
<td>0</td>
<td>com.covid19.qa.HomePageTestcases.AdvanceSearchFunction@2b546384</td></tr>
<tr>
<td title='com.covid19.qa.HomePageTestcases.AdvanceSearchFunction.VerifyCityTitle()'><b>VerifyCityTitle</b><br>Test class: com.covid19.qa.HomePageTestcases.AdvanceSearchFunction</td>
<td></td>
<td>0</td>
<td>com.covid19.qa.HomePageTestcases.AdvanceSearchFunction@2b546384</td></tr>
<tr>
<td title='com.covid19.qa.HomePageTestcases.PrimarySearchFunctionTestcase.VerifyDRopdownvaluesNationalityLabel()'><b>VerifyDRopdownvaluesNationalityLabel</b><br>Test class: com.covid19.qa.HomePageTestcases.PrimarySearchFunctionTestcase</td>
<td></td>
<td>0</td>
<td>com.covid19.qa.HomePageTestcases.PrimarySearchFunctionTestcase@25b485ba</td></tr>
<tr>
<td title='com.covid19.qa.HomePageTestcases.AdvanceSearchFunction.VerifyDateAnnouncedInputFieldPlaceholderText()'><b>VerifyDateAnnouncedInputFieldPlaceholderText</b><br>Test class: com.covid19.qa.HomePageTestcases.AdvanceSearchFunction</td>
<td></td>
<td>0</td>
<td>com.covid19.qa.HomePageTestcases.AdvanceSearchFunction@2b546384</td></tr>
<tr>
<td title='com.covid19.qa.HomePageTestcases.AdvanceSearchFunction.VerifyDateAnnouncedequaltoPlaceholderText()'><b>VerifyDateAnnouncedequaltoPlaceholderText</b><br>Test class: com.covid19.qa.HomePageTestcases.AdvanceSearchFunction</td>
<td></td>
<td>0</td>
<td>com.covid19.qa.HomePageTestcases.AdvanceSearchFunction@2b546384</td></tr>
<tr>
<td title='com.covid19.qa.HomePageTestcases.AdvanceSearchFunction.VerifyDistrictTitle()'><b>VerifyDistrictTitle</b><br>Test class: com.covid19.qa.HomePageTestcases.AdvanceSearchFunction</td>
<td></td>
<td>0</td>
<td>com.covid19.qa.HomePageTestcases.AdvanceSearchFunction@2b546384</td></tr>
<tr>
<td title='com.covid19.qa.HomePageTestcases.PrimarySearchFunctionTestcase.VerifyDropdownValuesGenderLabel()'><b>VerifyDropdownValuesGenderLabel</b><br>Test class: com.covid19.qa.HomePageTestcases.PrimarySearchFunctionTestcase</td>
<td></td>
<td>0</td>
<td>com.covid19.qa.HomePageTestcases.PrimarySearchFunctionTestcase@25b485ba</td></tr>
<tr>
<td title='com.covid19.qa.HomePageTestcases.PrimarySearchFunctionTestcase.VerifyGenderLabel()'><b>VerifyGenderLabel</b><br>Test class: com.covid19.qa.HomePageTestcases.PrimarySearchFunctionTestcase</td>
<td></td>
<td>0</td>
<td>com.covid19.qa.HomePageTestcases.PrimarySearchFunctionTestcase@25b485ba</td></tr>
<tr>
<td title='com.covid19.qa.HomePageTestcases.AdvanceSearchFunction.VerifyInputTextfieldPlaceholderText()'><b>VerifyInputTextfieldPlaceholderText</b><br>Test class: com.covid19.qa.HomePageTestcases.AdvanceSearchFunction</td>
<td></td>
<td>0</td>
<td>com.covid19.qa.HomePageTestcases.AdvanceSearchFunction@2b546384</td></tr>
<tr>
<td title='com.covid19.qa.HomePageTestcases.PrimarySearchFunctionTestcase.VerifyNationalityLabel()'><b>VerifyNationalityLabel</b><br>Test class: com.covid19.qa.HomePageTestcases.PrimarySearchFunctionTestcase</td>
<td></td>
<td>0</td>
<td>com.covid19.qa.HomePageTestcases.PrimarySearchFunctionTestcase@25b485ba</td></tr>
<tr>
<td title='com.covid19.qa.HomePageTestcases.AdvanceSearchFunction.VerifyPaitentIDMaxPLaceholderText()'><b>VerifyPaitentIDMaxPLaceholderText</b><br>Test class: com.covid19.qa.HomePageTestcases.AdvanceSearchFunction</td>
<td></td>
<td>0</td>
<td>com.covid19.qa.HomePageTestcases.AdvanceSearchFunction@2b546384</td></tr>
<tr>
<td title='com.covid19.qa.HomePageTestcases.AdvanceSearchFunction.VerifyPaitentIDMinPLaceholderText()'><b>VerifyPaitentIDMinPLaceholderText</b><br>Test class: com.covid19.qa.HomePageTestcases.AdvanceSearchFunction</td>
<td></td>
<td>0</td>
<td>com.covid19.qa.HomePageTestcases.AdvanceSearchFunction@2b546384</td></tr>
<tr>
<td title='com.covid19.qa.HomePageTestcases.AdvanceSearchFunction.VerifyPaitentIDPLaceholderText_function()'><b>VerifyPaitentIDPLaceholderText_function</b><br>Test class: com.covid19.qa.HomePageTestcases.AdvanceSearchFunction</td>
<td></td>
<td>1</td>
<td>com.covid19.qa.HomePageTestcases.AdvanceSearchFunction@2b546384</td></tr>
<tr>
<td title='com.covid19.qa.HomePageTestcases.PrimarySearchFunctionTestcase.VerifyPlaceholderTextNationalityLabel()'><b>VerifyPlaceholderTextNationalityLabel</b><br>Test class: com.covid19.qa.HomePageTestcases.PrimarySearchFunctionTestcase</td>
<td></td>
<td>0</td>
<td>com.covid19.qa.HomePageTestcases.PrimarySearchFunctionTestcase@25b485ba</td></tr>
<tr>
<td title='com.covid19.qa.HomePageTestcases.PrimarySearchFunctionTestcase.VerifyPlaceholdertextCurrentStatus()'><b>VerifyPlaceholdertextCurrentStatus</b><br>Test class: com.covid19.qa.HomePageTestcases.PrimarySearchFunctionTestcase</td>
<td></td>
<td>0</td>
<td>com.covid19.qa.HomePageTestcases.PrimarySearchFunctionTestcase@25b485ba</td></tr>
<tr>
<td title='com.covid19.qa.HomePageTestcases.PrimarySearchFunctionTestcase.VerifyPlaceholdertextGenderLabel()'><b>VerifyPlaceholdertextGenderLabel</b><br>Test class: com.covid19.qa.HomePageTestcases.PrimarySearchFunctionTestcase</td>
<td></td>
<td>0</td>
<td>com.covid19.qa.HomePageTestcases.PrimarySearchFunctionTestcase@25b485ba</td></tr>
<tr>
<td title='com.covid19.qa.HomePageTestcases.PrimarySearchFunctionTestcase.VerifyPlaceholdertextTransmission_Type()'><b>VerifyPlaceholdertextTransmission_Type</b><br>Test class: com.covid19.qa.HomePageTestcases.PrimarySearchFunctionTestcase</td>
<td></td>
<td>0</td>
<td>com.covid19.qa.HomePageTestcases.PrimarySearchFunctionTestcase@25b485ba</td></tr>
<tr>
<td title='com.covid19.qa.HomePageTestcases.PrimarySearchFunctionTestcase.VerifyPrimarySearchLabel()'><b>VerifyPrimarySearchLabel</b><br>Test class: com.covid19.qa.HomePageTestcases.PrimarySearchFunctionTestcase</td>
<td></td>
<td>0</td>
<td>com.covid19.qa.HomePageTestcases.PrimarySearchFunctionTestcase@25b485ba</td></tr>
<tr>
<td title='com.covid19.qa.HomePageTestcases.PrimarySearchFunctionTestcase.VerifyStateDropdownvalues()'><b>VerifyStateDropdownvalues</b><br>Test class: com.covid19.qa.HomePageTestcases.PrimarySearchFunctionTestcase</td>
<td></td>
<td>0</td>
<td>com.covid19.qa.HomePageTestcases.PrimarySearchFunctionTestcase@25b485ba</td></tr>
<tr>
<td title='com.covid19.qa.HomePageTestcases.PrimarySearchFunctionTestcase.VerifyStateLabel()'><b>VerifyStateLabel</b><br>Test class: com.covid19.qa.HomePageTestcases.PrimarySearchFunctionTestcase</td>
<td></td>
<td>0</td>
<td>com.covid19.qa.HomePageTestcases.PrimarySearchFunctionTestcase@25b485ba</td></tr>
<tr>
<td title='com.covid19.qa.HomePageTestcases.AdvanceSearchFunction.VerifyStatePatientIDPlaceHoldertext()'><b>VerifyStatePatientIDPlaceHoldertext</b><br>Test class: com.covid19.qa.HomePageTestcases.AdvanceSearchFunction</td>
<td></td>
<td>0</td>
<td>com.covid19.qa.HomePageTestcases.AdvanceSearchFunction@2b546384</td></tr>
<tr>
<td title='com.covid19.qa.HomePageTestcases.AdvanceSearchFunction.VerifyStatePatientIDTitle()'><b>VerifyStatePatientIDTitle</b><br>Test class: com.covid19.qa.HomePageTestcases.AdvanceSearchFunction</td>
<td></td>
<td>0</td>
<td>com.covid19.qa.HomePageTestcases.AdvanceSearchFunction@2b546384</td></tr>
<tr>
<td title='com.covid19.qa.HomePageTestcases.PrimarySearchFunctionTestcase.VerifyStatePlaceholderText()'><b>VerifyStatePlaceholderText</b><br>Test class: com.covid19.qa.HomePageTestcases.PrimarySearchFunctionTestcase</td>
<td></td>
<td>0</td>
<td>com.covid19.qa.HomePageTestcases.PrimarySearchFunctionTestcase@25b485ba</td></tr>
<tr>
<td title='com.covid19.qa.HomePageTestcases.AdvanceSearchFunction.VerifyStatusChangeDateInputTextFieldPlaceholderText()'><b>VerifyStatusChangeDateInputTextFieldPlaceholderText</b><br>Test class: com.covid19.qa.HomePageTestcases.AdvanceSearchFunction</td>
<td></td>
<td>6</td>
<td>com.covid19.qa.HomePageTestcases.AdvanceSearchFunction@2b546384</td></tr>
<tr>
<td title='com.covid19.qa.HomePageTestcases.AdvanceSearchFunction.VerifyStatusChangeDatePlaceholderText()'><b>VerifyStatusChangeDatePlaceholderText</b><br>Test class: com.covid19.qa.HomePageTestcases.AdvanceSearchFunction</td>
<td></td>
<td>0</td>
<td>com.covid19.qa.HomePageTestcases.AdvanceSearchFunction@2b546384</td></tr>
<tr>
<td title='com.covid19.qa.HomePageTestcases.AdvanceSearchFunction.VerifyZipcodePlaceholderText()'><b>VerifyZipcodePlaceholderText</b><br>Test class: com.covid19.qa.HomePageTestcases.AdvanceSearchFunction</td>
<td></td>
<td>0</td>
<td>com.covid19.qa.HomePageTestcases.AdvanceSearchFunction@2b546384</td></tr>
<tr>
<td title='com.covid19.qa.HomePageTestcases.AdvanceSearchFunction.VerifyZipcodeTitle()'><b>VerifyZipcodeTitle</b><br>Test class: com.covid19.qa.HomePageTestcases.AdvanceSearchFunction</td>
<td></td>
<td>0</td>
<td>com.covid19.qa.HomePageTestcases.AdvanceSearchFunction@2b546384</td></tr>
<tr>
<td title='com.covid19.qa.HomePageTestcases.PrimarySearchFunctionTestcase.VerifyclustersDropdownvalues()'><b>VerifyclustersDropdownvalues</b><br>Test class: com.covid19.qa.HomePageTestcases.PrimarySearchFunctionTestcase</td>
<td></td>
<td>0</td>
<td>com.covid19.qa.HomePageTestcases.PrimarySearchFunctionTestcase@25b485ba</td></tr>
<tr>
<td title='com.covid19.qa.HomePageTestcases.PrimarySearchFunctionTestcase.VerifyclustersLabelName()'><b>VerifyclustersLabelName</b><br>Test class: com.covid19.qa.HomePageTestcases.PrimarySearchFunctionTestcase</td>
<td></td>
<td>0</td>
<td>com.covid19.qa.HomePageTestcases.PrimarySearchFunctionTestcase@25b485ba</td></tr>
<tr>
<td title='com.covid19.qa.HomePageTestcases.PrimarySearchFunctionTestcase.VerifyclustersPlaceholderText()'><b>VerifyclustersPlaceholderText</b><br>Test class: com.covid19.qa.HomePageTestcases.PrimarySearchFunctionTestcase</td>
<td></td>
<td>0</td>
<td>com.covid19.qa.HomePageTestcases.PrimarySearchFunctionTestcase@25b485ba</td></tr>
<tr>
<td title='com.covid19.qa.HomePageTestcases.PrimarySearchFunctionTestcase.VerifydropdownvaluesTransmission_Type()'><b>VerifydropdownvaluesTransmission_Type</b><br>Test class: com.covid19.qa.HomePageTestcases.PrimarySearchFunctionTestcase</td>
<td></td>
<td>0</td>
<td>com.covid19.qa.HomePageTestcases.PrimarySearchFunctionTestcase@25b485ba</td></tr>
<tr>
<td title='com.covid19.qa.HomePageTestcases.PrimarySearchFunctionTestcase.VerifylabelTransmission_Type()'><b>VerifylabelTransmission_Type</b><br>Test class: com.covid19.qa.HomePageTestcases.PrimarySearchFunctionTestcase</td>
<td></td>
<td>0</td>
<td>com.covid19.qa.HomePageTestcases.PrimarySearchFunctionTestcase@25b485ba</td></tr>
<tr>
<td title='com.covid19.qa.HomePageTestcases.AdvanceSearchFunction.VerifypaitentIDequaltoPlaceholdertext()'><b>VerifypaitentIDequaltoPlaceholdertext</b><br>Test class: com.covid19.qa.HomePageTestcases.AdvanceSearchFunction</td>
<td></td>
<td>0</td>
<td>com.covid19.qa.HomePageTestcases.AdvanceSearchFunction@2b546384</td></tr>
</table><p>
</body>
</html>